CRITICAL - 2024-06-13 01:22:17 --> CodeIgniter\View\Exceptions\ViewException: Invalid file: "pages/detail.php"
in SYSTEMPATH\Exceptions\FrameworkException.php on line 39.
 1 SYSTEMPATH\View\View.php(216): CodeIgniter\Exceptions\FrameworkException::forInvalidFile('pages/detail.php')
 2 SYSTEMPATH\Common.php(1178): CodeIgniter\View\View->render('pages/detail', [], true)
 3 APPPATH\Controllers\Staf.php(31): view('pages/detail')
 4 SYSTEMPATH\CodeIgniter.php(941): App\Controllers\Staf->detail('1')
 5 SYSTEMPATH\CodeIgniter.php(502): CodeIgniter\CodeIgniter->runController(Object(App\Controllers\Staf))
 6 SYSTEMPATH\CodeIgniter.php(361): CodeIgniter\CodeIgniter->handleRequest(null, Object(Config\Cache), false)
 7 FCPATH\index.php(79): CodeIgniter\CodeIgniter->run()
 8 SYSTEMPATH\Commands\Server\rewrite.php(47): require_once('C:\\xampp\\htdocs\\graciella_musik\\public\\index.php')
CRITICAL - 2024-06-13 01:23:04 --> CodeIgniter\View\Exceptions\ViewException: Invalid file: "pages/detail.php"
in SYSTEMPATH\Exceptions\FrameworkException.php on line 39.
 1 SYSTEMPATH\View\View.php(216): CodeIgniter\Exceptions\FrameworkException::forInvalidFile('pages/detail.php')
 2 SYSTEMPATH\Common.php(1178): CodeIgniter\View\View->render('pages/detail', [], true)
 3 APPPATH\Controllers\Staf.php(31): view('pages/detail')
 4 SYSTEMPATH\CodeIgniter.php(941): App\Controllers\Staf->detail('1')
 5 SYSTEMPATH\CodeIgniter.php(502): CodeIgniter\CodeIgniter->runController(Object(App\Controllers\Staf))
 6 SYSTEMPATH\CodeIgniter.php(361): CodeIgniter\CodeIgniter->handleRequest(null, Object(Config\Cache), false)
 7 FCPATH\index.php(79): CodeIgniter\CodeIgniter->run()
 8 SYSTEMPATH\Commands\Server\rewrite.php(47): require_once('C:\\xampp\\htdocs\\graciella_musik\\public\\index.php')
CRITICAL - 2024-06-13 01:25:29 --> CodeIgniter\View\Exceptions\ViewException: Invalid file: "pages/detailstaf/.php"
in SYSTEMPATH\Exceptions\FrameworkException.php on line 39.
 1 SYSTEMPATH\View\View.php(216): CodeIgniter\Exceptions\FrameworkException::forInvalidFile('pages/detailstaf/.php')
 2 SYSTEMPATH\Common.php(1178): CodeIgniter\View\View->render('pages/detailstaf/', [], true)
 3 APPPATH\Controllers\Staf.php(31): view('pages/detailstaf/', [...])
 4 SYSTEMPATH\CodeIgniter.php(941): App\Controllers\Staf->detail('1')
 5 SYSTEMPATH\CodeIgniter.php(502): CodeIgniter\CodeIgniter->runController(Object(App\Controllers\Staf))
 6 SYSTEMPATH\CodeIgniter.php(361): CodeIgniter\CodeIgniter->handleRequest(null, Object(Config\Cache), false)
 7 FCPATH\index.php(79): CodeIgniter\CodeIgniter->run()
 8 SYSTEMPATH\Commands\Server\rewrite.php(47): require_once('C:\\xampp\\htdocs\\graciella_musik\\public\\index.php')
CRITICAL - 2024-06-13 01:55:27 --> Error: Call to undefined method CodeIgniter\View\View::incl()
in APPPATH\Views\murid\detail.php on line 1.
 1 SYSTEMPATH\View\View.php(228): include()
 2 SYSTEMPATH\View\View.php(231): CodeIgniter\View\View->CodeIgniter\View\{closure}()
 3 SYSTEMPATH\Common.php(1178): CodeIgniter\View\View->render('murid/detail', [], true)
 4 APPPATH\Controllers\Murid.php(31): view('murid/detail')
 5 SYSTEMPATH\CodeIgniter.php(941): App\Controllers\Murid->detail('2')
 6 SYSTEMPATH\CodeIgniter.php(502): CodeIgniter\CodeIgniter->runController(Object(App\Controllers\Murid))
 7 SYSTEMPATH\CodeIgniter.php(361): CodeIgniter\CodeIgniter->handleRequest(null, Object(Config\Cache), false)
 8 FCPATH\index.php(79): CodeIgniter\CodeIgniter->run()
 9 SYSTEMPATH\Commands\Server\rewrite.php(47): require_once('C:\\xampp\\htdocs\\graciella_musik\\public\\index.php')
CRITICAL - 2024-06-13 01:55:49 --> Error: Call to undefined method CodeIgniter\View\View::extends()
in APPPATH\Views\murid\detail.php on line 1.
 1 SYSTEMPATH\View\View.php(228): include()
 2 SYSTEMPATH\View\View.php(231): CodeIgniter\View\View->CodeIgniter\View\{closure}()
 3 SYSTEMPATH\Common.php(1178): CodeIgniter\View\View->render('murid/detail', [], true)
 4 APPPATH\Controllers\Murid.php(31): view('murid/detail')
 5 SYSTEMPATH\CodeIgniter.php(941): App\Controllers\Murid->detail('2')
 6 SYSTEMPATH\CodeIgniter.php(502): CodeIgniter\CodeIgniter->runController(Object(App\Controllers\Murid))
 7 SYSTEMPATH\CodeIgniter.php(361): CodeIgniter\CodeIgniter->handleRequest(null, Object(Config\Cache), false)
 8 FCPATH\index.php(79): CodeIgniter\CodeIgniter->run()
 9 SYSTEMPATH\Commands\Server\rewrite.php(47): require_once('C:\\xampp\\htdocs\\graciella_musik\\public\\index.php')
CRITICAL - 2024-06-13 01:56:06 --> Error: Call to undefined method CodeIgniter\View\View::extends()
in APPPATH\Views\murid\detail.php on line 1.
 1 SYSTEMPATH\View\View.php(228): include()
 2 SYSTEMPATH\View\View.php(231): CodeIgniter\View\View->CodeIgniter\View\{closure}()
 3 SYSTEMPATH\Common.php(1178): CodeIgniter\View\View->render('murid/detail', [], true)
 4 APPPATH\Controllers\Murid.php(31): view('murid/detail')
 5 SYSTEMPATH\CodeIgniter.php(941): App\Controllers\Murid->detail('2')
 6 SYSTEMPATH\CodeIgniter.php(502): CodeIgniter\CodeIgniter->runController(Object(App\Controllers\Murid))
 7 SYSTEMPATH\CodeIgniter.php(361): CodeIgniter\CodeIgniter->handleRequest(null, Object(Config\Cache), false)
 8 FCPATH\index.php(79): CodeIgniter\CodeIgniter->run()
 9 SYSTEMPATH\Commands\Server\rewrite.php(47): require_once('C:\\xampp\\htdocs\\graciella_musik\\public\\index.php')
CRITICAL - 2024-06-13 02:03:40 --> ErrorException: Undefined variable $slug
in APPPATH\Controllers\Murid.php on line 28.
 1 APPPATH\Controllers\Murid.php(28): CodeIgniter\Debug\Exceptions->errorHandler(2, 'Undefined variable $slug', 'C:\\xampp\\htdocs\\graciella_musik\\app\\Controllers\\Murid.php', 28)
 2 SYSTEMPATH\CodeIgniter.php(941): App\Controllers\Murid->detail('detail')
 3 SYSTEMPATH\CodeIgniter.php(502): CodeIgniter\CodeIgniter->runController(Object(App\Controllers\Murid))
 4 SYSTEMPATH\CodeIgniter.php(361): CodeIgniter\CodeIgniter->handleRequest(null, Object(Config\Cache), false)
 5 FCPATH\index.php(79): CodeIgniter\CodeIgniter->run()
 6 SYSTEMPATH\Commands\Server\rewrite.php(47): require_once('C:\\xampp\\htdocs\\graciella_musik\\public\\index.php')
CRITICAL - 2024-06-13 02:05:01 --> ErrorException: Undefined variable $slug
in APPPATH\Controllers\Murid.php on line 28.
 1 APPPATH\Controllers\Murid.php(28): CodeIgniter\Debug\Exceptions->errorHandler(2, 'Undefined variable $slug', 'C:\\xampp\\htdocs\\graciella_musik\\app\\Controllers\\Murid.php', 28)
 2 SYSTEMPATH\CodeIgniter.php(941): App\Controllers\Murid->detail()
 3 SYSTEMPATH\CodeIgniter.php(502): CodeIgniter\CodeIgniter->runController(Object(App\Controllers\Murid))
 4 SYSTEMPATH\CodeIgniter.php(361): CodeIgniter\CodeIgniter->handleRequest(null, Object(Config\Cache), false)
 5 FCPATH\index.php(79): CodeIgniter\CodeIgniter->run()
 6 SYSTEMPATH\Commands\Server\rewrite.php(47): require_once('C:\\xampp\\htdocs\\graciella_musik\\public\\index.php')
CRITICAL - 2024-06-13 02:05:09 --> ErrorException: Undefined variable $slug
in APPPATH\Controllers\Murid.php on line 28.
 1 APPPATH\Controllers\Murid.php(28): CodeIgniter\Debug\Exceptions->errorHandler(2, 'Undefined variable $slug', 'C:\\xampp\\htdocs\\graciella_musik\\app\\Controllers\\Murid.php', 28)
 2 SYSTEMPATH\CodeIgniter.php(941): App\Controllers\Murid->detail()
 3 SYSTEMPATH\CodeIgniter.php(502): CodeIgniter\CodeIgniter->runController(Object(App\Controllers\Murid))
 4 SYSTEMPATH\CodeIgniter.php(361): CodeIgniter\CodeIgniter->handleRequest(null, Object(Config\Cache), false)
 5 FCPATH\index.php(79): CodeIgniter\CodeIgniter->run()
 6 SYSTEMPATH\Commands\Server\rewrite.php(47): require_once('C:\\xampp\\htdocs\\graciella_musik\\public\\index.php')
CRITICAL - 2024-06-13 03:02:29 --> CodeIgniter\View\Exceptions\ViewException: Invalid file: "../layout/template.php"
in SYSTEMPATH\Exceptions\FrameworkException.php on line 39.
 1 SYSTEMPATH\View\View.php(216): CodeIgniter\Exceptions\FrameworkException::forInvalidFile('../layout/template.php')
 2 SYSTEMPATH\View\View.php(244): CodeIgniter\View\View->render('../layout/template', [], true)
 3 SYSTEMPATH\Common.php(1178): CodeIgniter\View\View->render('murid/detail', [], true)
 4 APPPATH\Controllers\Murid.php(31): view('murid/detail')
 5 SYSTEMPATH\CodeIgniter.php(941): App\Controllers\Murid->detail()
 6 SYSTEMPATH\CodeIgniter.php(502): CodeIgniter\CodeIgniter->runController(Object(App\Controllers\Murid))
 7 SYSTEMPATH\CodeIgniter.php(361): CodeIgniter\CodeIgniter->handleRequest(null, Object(Config\Cache), false)
 8 FCPATH\index.php(79): CodeIgniter\CodeIgniter->run()
 9 SYSTEMPATH\Commands\Server\rewrite.php(47): require_once('C:\\xampp\\htdocs\\graciella_musik\\public\\index.php')
CRITICAL - 2024-06-13 03:03:53 --> CodeIgniter\View\Exceptions\ViewException: Invalid file: "template.php"
in SYSTEMPATH\Exceptions\FrameworkException.php on line 39.
 1 SYSTEMPATH\View\View.php(216): CodeIgniter\Exceptions\FrameworkException::forInvalidFile('template.php')
 2 SYSTEMPATH\View\View.php(244): CodeIgniter\View\View->render('template', [], true)
 3 SYSTEMPATH\Common.php(1178): CodeIgniter\View\View->render('murid/detail', [], true)
 4 APPPATH\Controllers\Murid.php(31): view('murid/detail')
 5 SYSTEMPATH\CodeIgniter.php(941): App\Controllers\Murid->detail()
 6 SYSTEMPATH\CodeIgniter.php(502): CodeIgniter\CodeIgniter->runController(Object(App\Controllers\Murid))
 7 SYSTEMPATH\CodeIgniter.php(361): CodeIgniter\CodeIgniter->handleRequest(null, Object(Config\Cache), false)
 8 FCPATH\index.php(79): CodeIgniter\CodeIgniter->run()
 9 SYSTEMPATH\Commands\Server\rewrite.php(47): require_once('C:\\xampp\\htdocs\\graciella_musik\\public\\index.php')
CRITICAL - 2024-06-13 03:04:54 --> CodeIgniter\View\Exceptions\ViewException: Invalid file: "default.php"
in SYSTEMPATH\Exceptions\FrameworkException.php on line 39.
 1 SYSTEMPATH\View\View.php(216): CodeIgniter\Exceptions\FrameworkException::forInvalidFile('default.php')
 2 SYSTEMPATH\View\View.php(244): CodeIgniter\View\View->render('default', [], true)
 3 SYSTEMPATH\Common.php(1178): CodeIgniter\View\View->render('murid/detail', [], true)
 4 APPPATH\Controllers\Murid.php(31): view('murid/detail')
 5 SYSTEMPATH\CodeIgniter.php(941): App\Controllers\Murid->detail()
 6 SYSTEMPATH\CodeIgniter.php(502): CodeIgniter\CodeIgniter->runController(Object(App\Controllers\Murid))
 7 SYSTEMPATH\CodeIgniter.php(361): CodeIgniter\CodeIgniter->handleRequest(null, Object(Config\Cache), false)
 8 FCPATH\index.php(79): CodeIgniter\CodeIgniter->run()
 9 SYSTEMPATH\Commands\Server\rewrite.php(47): require_once('C:\\xampp\\htdocs\\graciella_musik\\public\\index.php')
CRITICAL - 2024-06-13 03:05:26 --> CodeIgniter\View\Exceptions\ViewException: Invalid file: "default.php"
in SYSTEMPATH\Exceptions\FrameworkException.php on line 39.
 1 SYSTEMPATH\View\View.php(216): CodeIgniter\Exceptions\FrameworkException::forInvalidFile('default.php')
 2 SYSTEMPATH\View\View.php(244): CodeIgniter\View\View->render('default', [], true)
 3 SYSTEMPATH\Common.php(1178): CodeIgniter\View\View->render('murid/detail', [], true)
 4 APPPATH\Controllers\Murid.php(31): view('murid/detail')
 5 SYSTEMPATH\CodeIgniter.php(941): App\Controllers\Murid->detail()
 6 SYSTEMPATH\CodeIgniter.php(502): CodeIgniter\CodeIgniter->runController(Object(App\Controllers\Murid))
 7 SYSTEMPATH\CodeIgniter.php(361): CodeIgniter\CodeIgniter->handleRequest(null, Object(Config\Cache), false)
 8 FCPATH\index.php(79): CodeIgniter\CodeIgniter->run()
 9 SYSTEMPATH\Commands\Server\rewrite.php(47): require_once('C:\\xampp\\htdocs\\graciella_musik\\public\\index.php')
CRITICAL - 2024-06-13 03:06:39 --> CodeIgniter\View\Exceptions\ViewException: Invalid file: "default.php"
in SYSTEMPATH\Exceptions\FrameworkException.php on line 39.
 1 SYSTEMPATH\View\View.php(216): CodeIgniter\Exceptions\FrameworkException::forInvalidFile('default.php')
 2 SYSTEMPATH\View\View.php(244): CodeIgniter\View\View->render('default', [], true)
 3 SYSTEMPATH\Common.php(1178): CodeIgniter\View\View->render('murid/detail', [], true)
 4 APPPATH\Controllers\Murid.php(31): view('murid/detail')
 5 SYSTEMPATH\CodeIgniter.php(941): App\Controllers\Murid->detail()
 6 SYSTEMPATH\CodeIgniter.php(502): CodeIgniter\CodeIgniter->runController(Object(App\Controllers\Murid))
 7 SYSTEMPATH\CodeIgniter.php(361): CodeIgniter\CodeIgniter->handleRequest(null, Object(Config\Cache), false)
 8 FCPATH\index.php(79): CodeIgniter\CodeIgniter->run()
 9 SYSTEMPATH\Commands\Server\rewrite.php(47): require_once('C:\\xampp\\htdocs\\graciella_musik\\public\\index.php')
CRITICAL - 2024-06-13 03:12:59 --> CodeIgniter\View\Exceptions\ViewException: Invalid file: "default.php"
in SYSTEMPATH\Exceptions\FrameworkException.php on line 39.
 1 SYSTEMPATH\View\View.php(216): CodeIgniter\Exceptions\FrameworkException::forInvalidFile('default.php')
 2 SYSTEMPATH\View\View.php(244): CodeIgniter\View\View->render('default', null, true)
 3 SYSTEMPATH\Router\RouteCollection.php(1116): CodeIgniter\View\View->render('murid/detail', null)
 4 SYSTEMPATH\CodeIgniter.php(890): CodeIgniter\Router\RouteCollection::CodeIgniter\Router\{closure}()
 5 SYSTEMPATH\CodeIgniter.php(489): CodeIgniter\CodeIgniter->startController()
 6 SYSTEMPATH\CodeIgniter.php(361): CodeIgniter\CodeIgniter->handleRequest(null, Object(Config\Cache), false)
 7 FCPATH\index.php(79): CodeIgniter\CodeIgniter->run()
 8 SYSTEMPATH\Commands\Server\rewrite.php(47): require_once('C:\\xampp\\htdocs\\graciella_musik\\public\\index.php')
CRITICAL - 2024-06-13 03:13:05 --> CodeIgniter\View\Exceptions\ViewException: Invalid file: "default.php"
in SYSTEMPATH\Exceptions\FrameworkException.php on line 39.
 1 SYSTEMPATH\View\View.php(216): CodeIgniter\Exceptions\FrameworkException::forInvalidFile('default.php')
 2 SYSTEMPATH\View\View.php(244): CodeIgniter\View\View->render('default', null, true)
 3 SYSTEMPATH\Router\RouteCollection.php(1116): CodeIgniter\View\View->render('murid/detail', null)
 4 SYSTEMPATH\CodeIgniter.php(890): CodeIgniter\Router\RouteCollection::CodeIgniter\Router\{closure}()
 5 SYSTEMPATH\CodeIgniter.php(489): CodeIgniter\CodeIgniter->startController()
 6 SYSTEMPATH\CodeIgniter.php(361): CodeIgniter\CodeIgniter->handleRequest(null, Object(Config\Cache), false)
 7 FCPATH\index.php(79): CodeIgniter\CodeIgniter->run()
 8 SYSTEMPATH\Commands\Server\rewrite.php(47): require_once('C:\\xampp\\htdocs\\graciella_musik\\public\\index.php')
CRITICAL - 2024-06-13 03:27:35 --> ErrorException: Undefined variable $title
in APPPATH\Views\murid\detail.php on line 8.
 1 APPPATH\Views\murid\detail.php(8): CodeIgniter\Debug\Exceptions->errorHandler(2, 'Undefined variable $title', 'C:\\xampp\\htdocs\\graciella_musik\\app\\Views\\murid\\detail.php', 8)
 2 SYSTEMPATH\View\View.php(228): include('C:\\xampp\\htdocs\\graciella_musik\\app\\Views\\murid\\detail.php')
 3 SYSTEMPATH\View\View.php(231): CodeIgniter\View\View->CodeIgniter\View\{closure}()
 4 SYSTEMPATH\Common.php(1178): CodeIgniter\View\View->render('murid/detail', [], true)
 5 APPPATH\Controllers\Murid.php(31): view('murid/detail')
 6 SYSTEMPATH\CodeIgniter.php(941): App\Controllers\Murid->detail('2')
 7 SYSTEMPATH\CodeIgniter.php(502): CodeIgniter\CodeIgniter->runController(Object(App\Controllers\Murid))
 8 SYSTEMPATH\CodeIgniter.php(361): CodeIgniter\CodeIgniter->handleRequest(null, Object(Config\Cache), false)
 9 FCPATH\index.php(79): CodeIgniter\CodeIgniter->run()
10 SYSTEMPATH\Commands\Server\rewrite.php(47): require_once('C:\\xampp\\htdocs\\graciella_musik\\public\\index.php')
CRITICAL - 2024-06-13 03:39:15 --> Error: Object of class stdClass could not be converted to string
in APPPATH\Views\murid\detail.php on line 24.
 1 SYSTEMPATH\View\View.php(228): include()
 2 SYSTEMPATH\View\View.php(231): CodeIgniter\View\View->CodeIgniter\View\{closure}()
 3 SYSTEMPATH\Common.php(1178): CodeIgniter\View\View->render('murid/detail', [], true)
 4 APPPATH\Controllers\Murid.php(31): view('murid/detail', [...])
 5 SYSTEMPATH\CodeIgniter.php(941): App\Controllers\Murid->detail('2')
 6 SYSTEMPATH\CodeIgniter.php(502): CodeIgniter\CodeIgniter->runController(Object(App\Controllers\Murid))
 7 SYSTEMPATH\CodeIgniter.php(361): CodeIgniter\CodeIgniter->handleRequest(null, Object(Config\Cache), false)
 8 FCPATH\index.php(79): CodeIgniter\CodeIgniter->run()
 9 SYSTEMPATH\Commands\Server\rewrite.php(47): require_once('C:\\xampp\\htdocs\\graciella_musik\\public\\index.php')
CRITICAL - 2024-06-13 03:41:03 --> Error: Cannot use object of type stdClass as array
in APPPATH\Views\murid\detail.php on line 24.
 1 SYSTEMPATH\View\View.php(228): include()
 2 SYSTEMPATH\View\View.php(231): CodeIgniter\View\View->CodeIgniter\View\{closure}()
 3 SYSTEMPATH\Common.php(1178): CodeIgniter\View\View->render('murid/detail', [], true)
 4 APPPATH\Controllers\Murid.php(31): view('murid/detail', [...])
 5 SYSTEMPATH\CodeIgniter.php(941): App\Controllers\Murid->detail('2')
 6 SYSTEMPATH\CodeIgniter.php(502): CodeIgniter\CodeIgniter->runController(Object(App\Controllers\Murid))
 7 SYSTEMPATH\CodeIgniter.php(361): CodeIgniter\CodeIgniter->handleRequest(null, Object(Config\Cache), false)
 8 FCPATH\index.php(79): CodeIgniter\CodeIgniter->run()
 9 SYSTEMPATH\Commands\Server\rewrite.php(47): require_once('C:\\xampp\\htdocs\\graciella_musik\\public\\index.php')
CRITICAL - 2024-06-13 03:41:50 --> Error: Cannot use object of type stdClass as array
in APPPATH\Views\murid\detail.php on line 24.
 1 SYSTEMPATH\View\View.php(228): include()
 2 SYSTEMPATH\View\View.php(231): CodeIgniter\View\View->CodeIgniter\View\{closure}()
 3 SYSTEMPATH\Common.php(1178): CodeIgniter\View\View->render('murid/detail', [], true)
 4 APPPATH\Controllers\Murid.php(31): view('murid/detail', [...])
 5 SYSTEMPATH\CodeIgniter.php(941): App\Controllers\Murid->detail('2')
 6 SYSTEMPATH\CodeIgniter.php(502): CodeIgniter\CodeIgniter->runController(Object(App\Controllers\Murid))
 7 SYSTEMPATH\CodeIgniter.php(361): CodeIgniter\CodeIgniter->handleRequest(null, Object(Config\Cache), false)
 8 FCPATH\index.php(79): CodeIgniter\CodeIgniter->run()
 9 SYSTEMPATH\Commands\Server\rewrite.php(47): require_once('C:\\xampp\\htdocs\\graciella_musik\\public\\index.php')
CRITICAL - 2024-06-13 03:44:10 --> Error: Object of class stdClass could not be converted to string
in APPPATH\Views\murid\detail.php on line 24.
 1 SYSTEMPATH\View\View.php(228): include()
 2 SYSTEMPATH\View\View.php(231): CodeIgniter\View\View->CodeIgniter\View\{closure}()
 3 SYSTEMPATH\Common.php(1178): CodeIgniter\View\View->render('murid/detail', [], true)
 4 APPPATH\Controllers\Murid.php(31): view('murid/detail', [...])
 5 SYSTEMPATH\CodeIgniter.php(941): App\Controllers\Murid->detail('2')
 6 SYSTEMPATH\CodeIgniter.php(502): CodeIgniter\CodeIgniter->runController(Object(App\Controllers\Murid))
 7 SYSTEMPATH\CodeIgniter.php(361): CodeIgniter\CodeIgniter->handleRequest(null, Object(Config\Cache), false)
 8 FCPATH\index.php(79): CodeIgniter\CodeIgniter->run()
 9 SYSTEMPATH\Commands\Server\rewrite.php(47): require_once('C:\\xampp\\htdocs\\graciella_musik\\public\\index.php')
CRITICAL - 2024-06-13 08:21:51 --> ErrorException: Attempt to read property "foto" on null
in APPPATH\Views\murid\detail.php on line 20.
 1 APPPATH\Views\murid\detail.php(20): CodeIgniter\Debug\Exceptions->errorHandler(2, 'Attempt to read property "foto" on null', 'C:\\xampp\\htdocs\\graciella_musik\\app\\Views\\murid\\detail.php', 20)
 2 SYSTEMPATH\View\View.php(228): include('C:\\xampp\\htdocs\\graciella_musik\\app\\Views\\murid\\detail.php')
 3 SYSTEMPATH\View\View.php(231): CodeIgniter\View\View->CodeIgniter\View\{closure}()
 4 SYSTEMPATH\Common.php(1178): CodeIgniter\View\View->render('murid/detail', [], true)
 5 APPPATH\Controllers\Murid.php(31): view('murid/detail', [...])
 6 SYSTEMPATH\CodeIgniter.php(941): App\Controllers\Murid->detail('detail')
 7 SYSTEMPATH\CodeIgniter.php(502): CodeIgniter\CodeIgniter->runController(Object(App\Controllers\Murid))
 8 SYSTEMPATH\CodeIgniter.php(361): CodeIgniter\CodeIgniter->handleRequest(null, Object(Config\Cache), false)
 9 FCPATH\index.php(79): CodeIgniter\CodeIgniter->run()
10 SYSTEMPATH\Commands\Server\rewrite.php(47): require_once('C:\\xampp\\htdocs\\graciella_musik\\public\\index.php')
