CRITICAL - 2024-06-09 13:25:51 --> Error: Object of class App\Models\StafModel could not be converted to string
in APPPATH\Controllers\Staf.php on line 11.
 1 SYSTEMPATH\CodeIgniter.php(941): App\Controllers\Staf->index()
 2 SYSTEMPATH\CodeIgniter.php(502): CodeIgniter\CodeIgniter->runController(Object(App\Controllers\Staf))
 3 SYSTEMPATH\CodeIgniter.php(361): CodeIgniter\CodeIgniter->handleRequest(null, Object(Config\Cache), false)
 4 FCPATH\index.php(79): CodeIgniter\CodeIgniter->run()
 5 SYSTEMPATH\Commands\Server\rewrite.php(47): require_once('C:\\xampp\\htdocs\\graciella_musik\\public\\index.php')
CRITICAL - 2024-06-09 13:26:24 --> Error: Object of class App\Models\StafModel could not be converted to string
in APPPATH\Controllers\Staf.php on line 11.
 1 SYSTEMPATH\CodeIgniter.php(941): App\Controllers\Staf->index()
 2 SYSTEMPATH\CodeIgniter.php(502): CodeIgniter\CodeIgniter->runController(Object(App\Controllers\Staf))
 3 SYSTEMPATH\CodeIgniter.php(361): CodeIgniter\CodeIgniter->handleRequest(null, Object(Config\Cache), false)
 4 FCPATH\index.php(79): CodeIgniter\CodeIgniter->run()
 5 SYSTEMPATH\Commands\Server\rewrite.php(47): require_once('C:\\xampp\\htdocs\\graciella_musik\\public\\index.php')
CRITICAL - 2024-06-09 13:33:09 --> ErrorException: Undefined variable $staf
in APPPATH\Views\pages\v_staf.php on line 38.
 1 APPPATH\Views\pages\v_staf.php(38): CodeIgniter\Debug\Exceptions->errorHandler(2, 'Undefined variable $staf', 'C:\\xampp\\htdocs\\graciella_musik\\app\\Views\\pages\\v_staf.php', 38)
 2 SYSTEMPATH\View\View.php(228): include('C:\\xampp\\htdocs\\graciella_musik\\app\\Views\\pages\\v_staf.php')
 3 SYSTEMPATH\View\View.php(231): CodeIgniter\View\View->CodeIgniter\View\{closure}()
 4 SYSTEMPATH\Common.php(1178): CodeIgniter\View\View->render('pages/v_staf', [], true)
 5 APPPATH\Controllers\Staf.php(21): view('pages/v_staf', [...])
 6 SYSTEMPATH\CodeIgniter.php(941): App\Controllers\Staf->index()
 7 SYSTEMPATH\CodeIgniter.php(502): CodeIgniter\CodeIgniter->runController(Object(App\Controllers\Staf))
 8 SYSTEMPATH\CodeIgniter.php(361): CodeIgniter\CodeIgniter->handleRequest(null, Object(Config\Cache), false)
 9 FCPATH\index.php(79): CodeIgniter\CodeIgniter->run()
10 SYSTEMPATH\Commands\Server\rewrite.php(47): require_once('C:\\xampp\\htdocs\\graciella_musik\\public\\index.php')
CRITICAL - 2024-06-09 16:18:11 --> Error: Cannot use object of type stdClass as array
in APPPATH\Views\pages\v_murid.php on line 41.
 1 SYSTEMPATH\View\View.php(228): include()
 2 SYSTEMPATH\View\View.php(231): CodeIgniter\View\View->CodeIgniter\View\{closure}()
 3 SYSTEMPATH\Common.php(1178): CodeIgniter\View\View->render('pages/v_murid', [], true)
 4 APPPATH\Controllers\Murid.php(19): view('pages/v_murid', [...])
 5 SYSTEMPATH\CodeIgniter.php(941): App\Controllers\Murid->index()
 6 SYSTEMPATH\CodeIgniter.php(502): CodeIgniter\CodeIgniter->runController(Object(App\Controllers\Murid))
 7 SYSTEMPATH\CodeIgniter.php(361): CodeIgniter\CodeIgniter->handleRequest(null, Object(Config\Cache), false)
 8 FCPATH\index.php(79): CodeIgniter\CodeIgniter->run()
 9 SYSTEMPATH\Commands\Server\rewrite.php(47): require_once('C:\\xampp\\htdocs\\graciella_musik\\public\\index.php')
CRITICAL - 2024-06-09 16:19:02 --> ErrorException: Undefined property: stdClass::$slug
in APPPATH\Views\pages\v_murid.php on line 41.
 1 APPPATH\Views\pages\v_murid.php(41): CodeIgniter\Debug\Exceptions->errorHandler(2, 'Undefined property: stdClass::$slug', 'C:\\xampp\\htdocs\\graciella_musik\\app\\Views\\pages\\v_murid.php', 41)
 2 SYSTEMPATH\View\View.php(228): include('C:\\xampp\\htdocs\\graciella_musik\\app\\Views\\pages\\v_murid.php')
 3 SYSTEMPATH\View\View.php(231): CodeIgniter\View\View->CodeIgniter\View\{closure}()
 4 SYSTEMPATH\Common.php(1178): CodeIgniter\View\View->render('pages/v_murid', [], true)
 5 APPPATH\Controllers\Murid.php(19): view('pages/v_murid', [...])
 6 SYSTEMPATH\CodeIgniter.php(941): App\Controllers\Murid->index()
 7 SYSTEMPATH\CodeIgniter.php(502): CodeIgniter\CodeIgniter->runController(Object(App\Controllers\Murid))
 8 SYSTEMPATH\CodeIgniter.php(361): CodeIgniter\CodeIgniter->handleRequest(null, Object(Config\Cache), false)
 9 FCPATH\index.php(79): CodeIgniter\CodeIgniter->run()
10 SYSTEMPATH\Commands\Server\rewrite.php(47): require_once('C:\\xampp\\htdocs\\graciella_musik\\public\\index.php')
CRITICAL - 2024-06-09 16:23:52 --> ErrorException: Undefined property: App\Controllers\Murid::$MuridModel
in APPPATH\Controllers\Murid.php on line 25.
 1 APPPATH\Controllers\Murid.php(25): CodeIgniter\Debug\Exceptions->errorHandler(2, 'Undefined property: App\\Controllers\\Murid::$MuridModel', 'C:\\xampp\\htdocs\\graciella_musik\\app\\Controllers\\Murid.php', 25)
 2 SYSTEMPATH\CodeIgniter.php(941): App\Controllers\Murid->detail('2')
 3 SYSTEMPATH\CodeIgniter.php(502): CodeIgniter\CodeIgniter->runController(Object(App\Controllers\Murid))
 4 SYSTEMPATH\CodeIgniter.php(361): CodeIgniter\CodeIgniter->handleRequest(null, Object(Config\Cache), false)
 5 FCPATH\index.php(79): CodeIgniter\CodeIgniter->run()
 6 SYSTEMPATH\Commands\Server\rewrite.php(47): require_once('C:\\xampp\\htdocs\\graciella_musik\\public\\index.php')
CRITICAL - 2024-06-09 16:24:20 --> ErrorException: Undefined property: App\Controllers\Murid::$muridmodel
in APPPATH\Controllers\Murid.php on line 26.
 1 APPPATH\Controllers\Murid.php(26): CodeIgniter\Debug\Exceptions->errorHandler(2, 'Undefined property: App\\Controllers\\Murid::$muridmodel', 'C:\\xampp\\htdocs\\graciella_musik\\app\\Controllers\\Murid.php', 26)
 2 SYSTEMPATH\CodeIgniter.php(941): App\Controllers\Murid->detail('2')
 3 SYSTEMPATH\CodeIgniter.php(502): CodeIgniter\CodeIgniter->runController(Object(App\Controllers\Murid))
 4 SYSTEMPATH\CodeIgniter.php(361): CodeIgniter\CodeIgniter->handleRequest(null, Object(Config\Cache), false)
 5 FCPATH\index.php(79): CodeIgniter\CodeIgniter->run()
 6 SYSTEMPATH\Commands\Server\rewrite.php(47): require_once('C:\\xampp\\htdocs\\graciella_musik\\public\\index.php')
CRITICAL - 2024-06-09 16:36:59 --> CodeIgniter\View\Exceptions\ViewException: Invalid file: "murid/detail.php"
in SYSTEMPATH\Exceptions\FrameworkException.php on line 39.
 1 SYSTEMPATH\View\View.php(216): CodeIgniter\Exceptions\FrameworkException::forInvalidFile('murid/detail.php')
 2 SYSTEMPATH\Common.php(1178): CodeIgniter\View\View->render('murid/detail', [], true)
 3 APPPATH\Controllers\Murid.php(30): view('murid/detail', [...])
 4 SYSTEMPATH\CodeIgniter.php(941): App\Controllers\Murid->detail('2')
 5 SYSTEMPATH\CodeIgniter.php(502): CodeIgniter\CodeIgniter->runController(Object(App\Controllers\Murid))
 6 SYSTEMPATH\CodeIgniter.php(361): CodeIgniter\CodeIgniter->handleRequest(null, Object(Config\Cache), false)
 7 FCPATH\index.php(79): CodeIgniter\CodeIgniter->run()
 8 SYSTEMPATH\Commands\Server\rewrite.php(47): require_once('C:\\xampp\\htdocs\\graciella_musik\\public\\index.php')
CRITICAL - 2024-06-09 16:40:14 --> CodeIgniter\View\Exceptions\ViewException: Invalid file: "murid/detail.php"
in SYSTEMPATH\Exceptions\FrameworkException.php on line 39.
 1 SYSTEMPATH\View\View.php(216): CodeIgniter\Exceptions\FrameworkException::forInvalidFile('murid/detail.php')
 2 SYSTEMPATH\Common.php(1178): CodeIgniter\View\View->render('murid/detail', [], true)
 3 APPPATH\Controllers\Murid.php(30): view('murid/detail', [...])
 4 SYSTEMPATH\CodeIgniter.php(941): App\Controllers\Murid->detail('2')
 5 SYSTEMPATH\CodeIgniter.php(502): CodeIgniter\CodeIgniter->runController(Object(App\Controllers\Murid))
 6 SYSTEMPATH\CodeIgniter.php(361): CodeIgniter\CodeIgniter->handleRequest(null, Object(Config\Cache), false)
 7 FCPATH\index.php(79): CodeIgniter\CodeIgniter->run()
 8 SYSTEMPATH\Commands\Server\rewrite.php(47): require_once('C:\\xampp\\htdocs\\graciella_musik\\public\\index.php')
CRITICAL - 2024-06-09 16:40:47 --> CodeIgniter\View\Exceptions\ViewException: Invalid file: "murid/detail.php"
in SYSTEMPATH\Exceptions\FrameworkException.php on line 39.
 1 SYSTEMPATH\View\View.php(216): CodeIgniter\Exceptions\FrameworkException::forInvalidFile('murid/detail.php')
 2 SYSTEMPATH\Common.php(1178): CodeIgniter\View\View->render('murid/detail', [], true)
 3 APPPATH\Controllers\Murid.php(30): view('murid/detail', [...])
 4 SYSTEMPATH\CodeIgniter.php(941): App\Controllers\Murid->detail('2')
 5 SYSTEMPATH\CodeIgniter.php(502): CodeIgniter\CodeIgniter->runController(Object(App\Controllers\Murid))
 6 SYSTEMPATH\CodeIgniter.php(361): CodeIgniter\CodeIgniter->handleRequest(null, Object(Config\Cache), false)
 7 FCPATH\index.php(79): CodeIgniter\CodeIgniter->run()
 8 SYSTEMPATH\Commands\Server\rewrite.php(47): require_once('C:\\xampp\\htdocs\\graciella_musik\\public\\index.php')
CRITICAL - 2024-06-09 16:40:52 --> CodeIgniter\View\Exceptions\ViewException: Invalid file: "murid/detail.php"
in SYSTEMPATH\Exceptions\FrameworkException.php on line 39.
 1 SYSTEMPATH\View\View.php(216): CodeIgniter\Exceptions\FrameworkException::forInvalidFile('murid/detail.php')
 2 SYSTEMPATH\Common.php(1178): CodeIgniter\View\View->render('murid/detail', [], true)
 3 APPPATH\Controllers\Murid.php(30): view('murid/detail', [...])
 4 SYSTEMPATH\CodeIgniter.php(941): App\Controllers\Murid->detail('2')
 5 SYSTEMPATH\CodeIgniter.php(502): CodeIgniter\CodeIgniter->runController(Object(App\Controllers\Murid))
 6 SYSTEMPATH\CodeIgniter.php(361): CodeIgniter\CodeIgniter->handleRequest(null, Object(Config\Cache), false)
 7 FCPATH\index.php(79): CodeIgniter\CodeIgniter->run()
 8 SYSTEMPATH\Commands\Server\rewrite.php(47): require_once('C:\\xampp\\htdocs\\graciella_musik\\public\\index.php')
CRITICAL - 2024-06-09 16:45:13 --> ErrorException: Undefined variable $alldata
in APPPATH\Views\pages\murid\detail.php on line 35.
 1 APPPATH\Views\pages\murid\detail.php(35): CodeIgniter\Debug\Exceptions->errorHandler(2, 'Undefined variable $alldata', 'C:\\xampp\\htdocs\\graciella_musik\\app\\Views\\pages\\murid\\detail.php', 35)
 2 SYSTEMPATH\View\View.php(228): include('C:\\xampp\\htdocs\\graciella_musik\\app\\Views\\pages\\murid\\detail.php')
 3 SYSTEMPATH\View\View.php(231): CodeIgniter\View\View->CodeIgniter\View\{closure}()
 4 SYSTEMPATH\Common.php(1178): CodeIgniter\View\View->render('pages/murid/detail', [], true)
 5 APPPATH\Controllers\Murid.php(32): view('pages/murid/detail', [...])
 6 SYSTEMPATH\CodeIgniter.php(941): App\Controllers\Murid->detail('2')
 7 SYSTEMPATH\CodeIgniter.php(502): CodeIgniter\CodeIgniter->runController(Object(App\Controllers\Murid))
 8 SYSTEMPATH\CodeIgniter.php(361): CodeIgniter\CodeIgniter->handleRequest(null, Object(Config\Cache), false)
 9 FCPATH\index.php(79): CodeIgniter\CodeIgniter->run()
10 SYSTEMPATH\Commands\Server\rewrite.php(47): require_once('C:\\xampp\\htdocs\\graciella_musik\\public\\index.php')
CRITICAL - 2024-06-09 16:58:43 --> Error: Cannot use object of type stdClass as array
in APPPATH\Views\pages\murid\detail.php on line 10.
 1 SYSTEMPATH\View\View.php(228): include()
 2 SYSTEMPATH\View\View.php(231): CodeIgniter\View\View->CodeIgniter\View\{closure}()
 3 SYSTEMPATH\Common.php(1178): CodeIgniter\View\View->render('pages/murid/detail', [], true)
 4 APPPATH\Controllers\Murid.php(31): view('pages/murid/detail', [...])
 5 SYSTEMPATH\CodeIgniter.php(941): App\Controllers\Murid->detail('3')
 6 SYSTEMPATH\CodeIgniter.php(502): CodeIgniter\CodeIgniter->runController(Object(App\Controllers\Murid))
 7 SYSTEMPATH\CodeIgniter.php(361): CodeIgniter\CodeIgniter->handleRequest(null, Object(Config\Cache), false)
 8 FCPATH\index.php(79): CodeIgniter\CodeIgniter->run()
 9 SYSTEMPATH\Commands\Server\rewrite.php(47): require_once('C:\\xampp\\htdocs\\graciella_musik\\public\\index.php')
