CRITICAL - 2024-06-11 01:52:21 --> Error: Call to undefined method CodeIgniter\View\View::extends()
in APPPATH\Views\pages\home.php on line 1.
 1 SYSTEMPATH\View\View.php(228): include()
 2 SYSTEMPATH\View\View.php(231): CodeIgniter\View\View->CodeIgniter\View\{closure}()
 3 SYSTEMPATH\Common.php(1178): CodeIgniter\View\View->render('pages/home', [], true)
 4 APPPATH\Controllers\Home_template.php(12): view('pages/home')
 5 SYSTEMPATH\CodeIgniter.php(941): App\Controllers\Home_template->index()
 6 SYSTEMPATH\CodeIgniter.php(502): CodeIgniter\CodeIgniter->runController(Object(App\Controllers\Home_template))
 7 SYSTEMPATH\CodeIgniter.php(361): CodeIgniter\CodeIgniter->handleRequest(null, Object(Config\Cache), false)
 8 FCPATH\index.php(79): CodeIgniter\CodeIgniter->run()
 9 SYSTEMPATH\Commands\Server\rewrite.php(47): require_once('C:\\xampp\\htdocs\\graciella_musik\\public\\index.php')
CRITICAL - 2024-06-11 01:53:33 --> Error: Call to undefined method CodeIgniter\View\View::extends()
in APPPATH\Views\pages\home.php on line 1.
 1 SYSTEMPATH\View\View.php(228): include()
 2 SYSTEMPATH\View\View.php(231): CodeIgniter\View\View->CodeIgniter\View\{closure}()
 3 SYSTEMPATH\Common.php(1178): CodeIgniter\View\View->render('pages/home', [], true)
 4 APPPATH\Controllers\Home_template.php(12): view('pages/home')
 5 SYSTEMPATH\CodeIgniter.php(941): App\Controllers\Home_template->index()
 6 SYSTEMPATH\CodeIgniter.php(502): CodeIgniter\CodeIgniter->runController(Object(App\Controllers\Home_template))
 7 SYSTEMPATH\CodeIgniter.php(361): CodeIgniter\CodeIgniter->handleRequest(null, Object(Config\Cache), false)
 8 FCPATH\index.php(79): CodeIgniter\CodeIgniter->run()
 9 SYSTEMPATH\Commands\Server\rewrite.php(47): require_once('C:\\xampp\\htdocs\\graciella_musik\\public\\index.php')
CRITICAL - 2024-06-11 01:54:04 --> Error: Call to undefined method CodeIgniter\View\View::extends()
in APPPATH\Views\pages\home.php on line 1.
 1 SYSTEMPATH\View\View.php(228): include()
 2 SYSTEMPATH\View\View.php(231): CodeIgniter\View\View->CodeIgniter\View\{closure}()
 3 SYSTEMPATH\Common.php(1178): CodeIgniter\View\View->render('pages/home', [], true)
 4 APPPATH\Controllers\Home_template.php(12): view('pages/home')
 5 SYSTEMPATH\CodeIgniter.php(941): App\Controllers\Home_template->index()
 6 SYSTEMPATH\CodeIgniter.php(502): CodeIgniter\CodeIgniter->runController(Object(App\Controllers\Home_template))
 7 SYSTEMPATH\CodeIgniter.php(361): CodeIgniter\CodeIgniter->handleRequest(null, Object(Config\Cache), false)
 8 FCPATH\index.php(79): CodeIgniter\CodeIgniter->run()
 9 SYSTEMPATH\Commands\Server\rewrite.php(47): require_once('C:\\xampp\\htdocs\\graciella_musik\\public\\index.php')
CRITICAL - 2024-06-11 01:54:15 --> Error: Call to undefined method CodeIgniter\View\View::extends()
in APPPATH\Views\pages\home.php on line 1.
 1 SYSTEMPATH\View\View.php(228): include()
 2 SYSTEMPATH\View\View.php(231): CodeIgniter\View\View->CodeIgniter\View\{closure}()
 3 SYSTEMPATH\Common.php(1178): CodeIgniter\View\View->render('pages/home', [], true)
 4 APPPATH\Controllers\Home_template.php(12): view('pages/home')
 5 SYSTEMPATH\CodeIgniter.php(941): App\Controllers\Home_template->index()
 6 SYSTEMPATH\CodeIgniter.php(502): CodeIgniter\CodeIgniter->runController(Object(App\Controllers\Home_template))
 7 SYSTEMPATH\CodeIgniter.php(361): CodeIgniter\CodeIgniter->handleRequest(null, Object(Config\Cache), false)
 8 FCPATH\index.php(79): CodeIgniter\CodeIgniter->run()
 9 SYSTEMPATH\Commands\Server\rewrite.php(47): require_once('C:\\xampp\\htdocs\\graciella_musik\\public\\index.php')
CRITICAL - 2024-06-11 16:58:54 --> CodeIgniter\View\Exceptions\ViewException: Invalid file: "../layout/template.php"
in SYSTEMPATH\Exceptions\FrameworkException.php on line 39.
 1 SYSTEMPATH\View\View.php(216): CodeIgniter\Exceptions\FrameworkException::forInvalidFile('../layout/template.php')
 2 SYSTEMPATH\View\View.php(244): CodeIgniter\View\View->render('../layout/template', [], true)
 3 SYSTEMPATH\Common.php(1178): CodeIgniter\View\View->render('pages/murid/detail', [], true)
 4 APPPATH\Controllers\Murid.php(31): view('pages/murid/detail')
 5 SYSTEMPATH\CodeIgniter.php(941): App\Controllers\Murid->detail('2')
 6 SYSTEMPATH\CodeIgniter.php(502): CodeIgniter\CodeIgniter->runController(Object(App\Controllers\Murid))
 7 SYSTEMPATH\CodeIgniter.php(361): CodeIgniter\CodeIgniter->handleRequest(null, Object(Config\Cache), false)
 8 FCPATH\index.php(79): CodeIgniter\CodeIgniter->run()
 9 SYSTEMPATH\Commands\Server\rewrite.php(47): require_once('C:\\xampp\\htdocs\\graciella_musik\\public\\index.php')
CRITICAL - 2024-06-11 17:01:46 --> ErrorException: Undefined variable $row
in APPPATH\Views\pages\v_staf.php on line 43.
 1 APPPATH\Views\pages\v_staf.php(43): CodeIgniter\Debug\Exceptions->errorHandler(2, 'Undefined variable $row', 'C:\\xampp\\htdocs\\graciella_musik\\app\\Views\\pages\\v_staf.php', 43)
 2 SYSTEMPATH\View\View.php(228): include('C:\\xampp\\htdocs\\graciella_musik\\app\\Views\\pages\\v_staf.php')
 3 SYSTEMPATH\View\View.php(231): CodeIgniter\View\View->CodeIgniter\View\{closure}()
 4 SYSTEMPATH\Common.php(1178): CodeIgniter\View\View->render('pages/v_staf', [], true)
 5 APPPATH\Controllers\Staf.php(19): view('pages/v_staf', [...])
 6 SYSTEMPATH\CodeIgniter.php(941): App\Controllers\Staf->index()
 7 SYSTEMPATH\CodeIgniter.php(502): CodeIgniter\CodeIgniter->runController(Object(App\Controllers\Staf))
 8 SYSTEMPATH\CodeIgniter.php(361): CodeIgniter\CodeIgniter->handleRequest(null, Object(Config\Cache), false)
 9 FCPATH\index.php(79): CodeIgniter\CodeIgniter->run()
10 SYSTEMPATH\Commands\Server\rewrite.php(47): require_once('C:\\xampp\\htdocs\\graciella_musik\\public\\index.php')
CRITICAL - 2024-06-11 17:01:59 --> ErrorException: Attempt to read property "id" on array
in APPPATH\Views\pages\v_staf.php on line 43.
 1 APPPATH\Views\pages\v_staf.php(43): CodeIgniter\Debug\Exceptions->errorHandler(2, 'Attempt to read property "id" on array', 'C:\\xampp\\htdocs\\graciella_musik\\app\\Views\\pages\\v_staf.php', 43)
 2 SYSTEMPATH\View\View.php(228): include('C:\\xampp\\htdocs\\graciella_musik\\app\\Views\\pages\\v_staf.php')
 3 SYSTEMPATH\View\View.php(231): CodeIgniter\View\View->CodeIgniter\View\{closure}()
 4 SYSTEMPATH\Common.php(1178): CodeIgniter\View\View->render('pages/v_staf', [], true)
 5 APPPATH\Controllers\Staf.php(19): view('pages/v_staf', [...])
 6 SYSTEMPATH\CodeIgniter.php(941): App\Controllers\Staf->index()
 7 SYSTEMPATH\CodeIgniter.php(502): CodeIgniter\CodeIgniter->runController(Object(App\Controllers\Staf))
 8 SYSTEMPATH\CodeIgniter.php(361): CodeIgniter\CodeIgniter->handleRequest(null, Object(Config\Cache), false)
 9 FCPATH\index.php(79): CodeIgniter\CodeIgniter->run()
10 SYSTEMPATH\Commands\Server\rewrite.php(47): require_once('C:\\xampp\\htdocs\\graciella_musik\\public\\index.php')
