CRITICAL - 2024-02-11 14:16:22 --> CodeIgniter\View\Exceptions\ViewException: Invalid file: "jadwal/index.php"
in SYSTEMPATH\Exceptions\FrameworkException.php on line 39.
 1 SYSTEMPATH\View\View.php(216): CodeIgniter\Exceptions\FrameworkException::forInvalidFile('jadwal/index.php')
 2 SYSTEMPATH\Common.php(1178): CodeIgniter\View\View->render('jadwal/index', [], true)
 3 APPPATH\Controllers\Jadwal.php(13): view('jadwal/index', [...])
 4 SYSTEMPATH\CodeIgniter.php(941): App\Controllers\Jadwal->index()
 5 SYSTEMPATH\CodeIgniter.php(502): CodeIgniter\CodeIgniter->runController(Object(App\Controllers\Jadwal))
 6 SYSTEMPATH\CodeIgniter.php(361): CodeIgniter\CodeIgniter->handleRequest(null, Object(Config\Cache), false)
 7 FCPATH\index.php(79): CodeIgniter\CodeIgniter->run()
 8 SYSTEMPATH\Commands\Server\rewrite.php(47): require_once('C:\\xampp\\htdocs\\sentosaabadi_form\\public\\index.php')
CRITICAL - 2024-02-11 14:17:14 --> CodeIgniter\View\Exceptions\ViewException: Invalid file: "pages/v_jadwal/index.php"
in SYSTEMPATH\Exceptions\FrameworkException.php on line 39.
 1 SYSTEMPATH\View\View.php(216): CodeIgniter\Exceptions\FrameworkException::forInvalidFile('pages/v_jadwal/index.php')
 2 SYSTEMPATH\Common.php(1178): CodeIgniter\View\View->render('pages/v_jadwal/index', [], true)
 3 APPPATH\Controllers\Jadwal.php(13): view('pages/v_jadwal/index', [...])
 4 SYSTEMPATH\CodeIgniter.php(941): App\Controllers\Jadwal->index()
 5 SYSTEMPATH\CodeIgniter.php(502): CodeIgniter\CodeIgniter->runController(Object(App\Controllers\Jadwal))
 6 SYSTEMPATH\CodeIgniter.php(361): CodeIgniter\CodeIgniter->handleRequest(null, Object(Config\Cache), false)
 7 FCPATH\index.php(79): CodeIgniter\CodeIgniter->run()
 8 SYSTEMPATH\Commands\Server\rewrite.php(47): require_once('C:\\xampp\\htdocs\\sentosaabadi_form\\public\\index.php')
CRITICAL - 2024-02-11 14:17:16 --> CodeIgniter\View\Exceptions\ViewException: Invalid file: "pages/v_jadwal/index.php"
in SYSTEMPATH\Exceptions\FrameworkException.php on line 39.
 1 SYSTEMPATH\View\View.php(216): CodeIgniter\Exceptions\FrameworkException::forInvalidFile('pages/v_jadwal/index.php')
 2 SYSTEMPATH\Common.php(1178): CodeIgniter\View\View->render('pages/v_jadwal/index', [], true)
 3 APPPATH\Controllers\Jadwal.php(13): view('pages/v_jadwal/index', [...])
 4 SYSTEMPATH\CodeIgniter.php(941): App\Controllers\Jadwal->index()
 5 SYSTEMPATH\CodeIgniter.php(502): CodeIgniter\CodeIgniter->runController(Object(App\Controllers\Jadwal))
 6 SYSTEMPATH\CodeIgniter.php(361): CodeIgniter\CodeIgniter->handleRequest(null, Object(Config\Cache), false)
 7 FCPATH\index.php(79): CodeIgniter\CodeIgniter->run()
 8 SYSTEMPATH\Commands\Server\rewrite.php(47): require_once('C:\\xampp\\htdocs\\sentosaabadi_form\\public\\index.php')
CRITICAL - 2024-02-11 14:21:12 --> Error: Call to undefined method CodeIgniter\View\View::extends()
in APPPATH\Views\pages\v_jadwal.php on line 1.
 1 SYSTEMPATH\View\View.php(228): include()
 2 SYSTEMPATH\View\View.php(231): CodeIgniter\View\View->CodeIgniter\View\{closure}()
 3 SYSTEMPATH\Common.php(1178): CodeIgniter\View\View->render('pages/v_jadwal', [], true)
 4 APPPATH\Controllers\Jadwal.php(13): view('pages/v_jadwal', [...])
 5 SYSTEMPATH\CodeIgniter.php(941): App\Controllers\Jadwal->index()
 6 SYSTEMPATH\CodeIgniter.php(502): CodeIgniter\CodeIgniter->runController(Object(App\Controllers\Jadwal))
 7 SYSTEMPATH\CodeIgniter.php(361): CodeIgniter\CodeIgniter->handleRequest(null, Object(Config\Cache), false)
 8 FCPATH\index.php(79): CodeIgniter\CodeIgniter->run()
 9 SYSTEMPATH\Commands\Server\rewrite.php(47): require_once('C:\\xampp\\htdocs\\sentosaabadi_form\\public\\index.php')
CRITICAL - 2024-02-11 14:23:03 --> Error: Call to undefined method CodeIgniter\View\View::extends()
in APPPATH\Views\pages\v_jadwal.php on line 1.
 1 SYSTEMPATH\View\View.php(228): include()
 2 SYSTEMPATH\View\View.php(231): CodeIgniter\View\View->CodeIgniter\View\{closure}()
 3 SYSTEMPATH\Common.php(1178): CodeIgniter\View\View->render('pages/v_jadwal', [], true)
 4 APPPATH\Controllers\Jadwal.php(13): view('pages/v_jadwal', [...])
 5 SYSTEMPATH\CodeIgniter.php(941): App\Controllers\Jadwal->index()
 6 SYSTEMPATH\CodeIgniter.php(502): CodeIgniter\CodeIgniter->runController(Object(App\Controllers\Jadwal))
 7 SYSTEMPATH\CodeIgniter.php(361): CodeIgniter\CodeIgniter->handleRequest(null, Object(Config\Cache), false)
 8 FCPATH\index.php(79): CodeIgniter\CodeIgniter->run()
 9 SYSTEMPATH\Commands\Server\rewrite.php(47): require_once('C:\\xampp\\htdocs\\sentosaabadi_form\\public\\index.php')
CRITICAL - 2024-02-11 14:23:27 --> Error: Call to undefined method CodeIgniter\View\View::extends()
in APPPATH\Views\pages\v_jadwal.php on line 1.
 1 SYSTEMPATH\View\View.php(228): include()
 2 SYSTEMPATH\View\View.php(231): CodeIgniter\View\View->CodeIgniter\View\{closure}()
 3 SYSTEMPATH\Common.php(1178): CodeIgniter\View\View->render('pages/v_jadwal', [], true)
 4 APPPATH\Controllers\Jadwal.php(13): view('pages/v_jadwal', [...])
 5 SYSTEMPATH\CodeIgniter.php(941): App\Controllers\Jadwal->index()
 6 SYSTEMPATH\CodeIgniter.php(502): CodeIgniter\CodeIgniter->runController(Object(App\Controllers\Jadwal))
 7 SYSTEMPATH\CodeIgniter.php(361): CodeIgniter\CodeIgniter->handleRequest(null, Object(Config\Cache), false)
 8 FCPATH\index.php(79): CodeIgniter\CodeIgniter->run()
 9 SYSTEMPATH\Commands\Server\rewrite.php(47): require_once('C:\\xampp\\htdocs\\sentosaabadi_form\\public\\index.php')
CRITICAL - 2024-02-11 14:29:12 --> Error: Class "App\Controllers\App\Models\JadwalModel" not found
in APPPATH\Controllers\Jadwal.php on line 13.
 1 SYSTEMPATH\CodeIgniter.php(941): App\Controllers\Jadwal->index()
 2 SYSTEMPATH\CodeIgniter.php(502): CodeIgniter\CodeIgniter->runController(Object(App\Controllers\Jadwal))
 3 SYSTEMPATH\CodeIgniter.php(361): CodeIgniter\CodeIgniter->handleRequest(null, Object(Config\Cache), false)
 4 FCPATH\index.php(79): CodeIgniter\CodeIgniter->run()
 5 SYSTEMPATH\Commands\Server\rewrite.php(47): require_once('C:\\xampp\\htdocs\\sentosaabadi_form\\public\\index.php')
CRITICAL - 2024-02-11 14:30:14 --> Error: Class "App\Controllers\App\Models\JadwalModel" not found
in APPPATH\Controllers\Jadwal.php on line 13.
 1 SYSTEMPATH\CodeIgniter.php(941): App\Controllers\Jadwal->index()
 2 SYSTEMPATH\CodeIgniter.php(502): CodeIgniter\CodeIgniter->runController(Object(App\Controllers\Jadwal))
 3 SYSTEMPATH\CodeIgniter.php(361): CodeIgniter\CodeIgniter->handleRequest(null, Object(Config\Cache), false)
 4 FCPATH\index.php(79): CodeIgniter\CodeIgniter->run()
 5 SYSTEMPATH\Commands\Server\rewrite.php(47): require_once('C:\\xampp\\htdocs\\sentosaabadi_form\\public\\index.php')
CRITICAL - 2024-02-11 14:31:08 --> Error: Class "App\Controllers\App\Models\JadwalModel" not found
in APPPATH\Controllers\Jadwal.php on line 13.
 1 SYSTEMPATH\CodeIgniter.php(941): App\Controllers\Jadwal->index()
 2 SYSTEMPATH\CodeIgniter.php(502): CodeIgniter\CodeIgniter->runController(Object(App\Controllers\Jadwal))
 3 SYSTEMPATH\CodeIgniter.php(361): CodeIgniter\CodeIgniter->handleRequest(null, Object(Config\Cache), false)
 4 FCPATH\index.php(79): CodeIgniter\CodeIgniter->run()
 5 SYSTEMPATH\Commands\Server\rewrite.php(47): require_once('C:\\xampp\\htdocs\\sentosaabadi_form\\public\\index.php')
CRITICAL - 2024-02-11 14:34:40 --> Error: Class "App\Controllers\App\Models\JadwalModel" not found
in APPPATH\Controllers\Jadwal.php on line 13.
 1 SYSTEMPATH\CodeIgniter.php(941): App\Controllers\Jadwal->index()
 2 SYSTEMPATH\CodeIgniter.php(502): CodeIgniter\CodeIgniter->runController(Object(App\Controllers\Jadwal))
 3 SYSTEMPATH\CodeIgniter.php(361): CodeIgniter\CodeIgniter->handleRequest(null, Object(Config\Cache), false)
 4 FCPATH\index.php(79): CodeIgniter\CodeIgniter->run()
 5 SYSTEMPATH\Commands\Server\rewrite.php(47): require_once('C:\\xampp\\htdocs\\sentosaabadi_form\\public\\index.php')
CRITICAL - 2024-02-11 14:34:48 --> ErrorException: Undefined variable $list
in APPPATH\Controllers\Jadwal.php on line 12.
 1 APPPATH\Controllers\Jadwal.php(12): CodeIgniter\Debug\Exceptions->errorHandler(2, 'Undefined variable $list', 'C:\\xampp\\htdocs\\sentosaabadi_form\\app\\Controllers\\Jadwal.php', 12)
 2 SYSTEMPATH\CodeIgniter.php(941): App\Controllers\Jadwal->index()
 3 SYSTEMPATH\CodeIgniter.php(502): CodeIgniter\CodeIgniter->runController(Object(App\Controllers\Jadwal))
 4 SYSTEMPATH\CodeIgniter.php(361): CodeIgniter\CodeIgniter->handleRequest(null, Object(Config\Cache), false)
 5 FCPATH\index.php(79): CodeIgniter\CodeIgniter->run()
 6 SYSTEMPATH\Commands\Server\rewrite.php(47): require_once('C:\\xampp\\htdocs\\sentosaabadi_form\\public\\index.php')
CRITICAL - 2024-02-11 14:36:17 --> ErrorException: Undefined variable $title
in APPPATH\Views\pages\v_jadwal.php on line 5.
 1 APPPATH\Views\pages\v_jadwal.php(5): CodeIgniter\Debug\Exceptions->errorHandler(2, 'Undefined variable $title', 'C:\\xampp\\htdocs\\sentosaabadi_form\\app\\Views\\pages\\v_jadwal.php', 5)
 2 SYSTEMPATH\View\View.php(228): include('C:\\xampp\\htdocs\\sentosaabadi_form\\app\\Views\\pages\\v_jadwal.php')
 3 SYSTEMPATH\View\View.php(231): CodeIgniter\View\View->CodeIgniter\View\{closure}()
 4 SYSTEMPATH\Common.php(1178): CodeIgniter\View\View->render('pages/v_jadwal', [], true)
 5 APPPATH\Controllers\Jadwal.php(15): view('pages/v_jadwal')
 6 SYSTEMPATH\CodeIgniter.php(941): App\Controllers\Jadwal->index()
 7 SYSTEMPATH\CodeIgniter.php(502): CodeIgniter\CodeIgniter->runController(Object(App\Controllers\Jadwal))
 8 SYSTEMPATH\CodeIgniter.php(361): CodeIgniter\CodeIgniter->handleRequest(null, Object(Config\Cache), false)
 9 FCPATH\index.php(79): CodeIgniter\CodeIgniter->run()
10 SYSTEMPATH\Commands\Server\rewrite.php(47): require_once('C:\\xampp\\htdocs\\sentosaabadi_form\\public\\index.php')
CRITICAL - 2024-02-11 14:41:02 --> Error: Class "App\Models\JadwalModel" not found
in APPPATH\Controllers\Jadwal.php on line 14.
 1 SYSTEMPATH\CodeIgniter.php(941): App\Controllers\Jadwal->index()
 2 SYSTEMPATH\CodeIgniter.php(502): CodeIgniter\CodeIgniter->runController(Object(App\Controllers\Jadwal))
 3 SYSTEMPATH\CodeIgniter.php(361): CodeIgniter\CodeIgniter->handleRequest(null, Object(Config\Cache), false)
 4 FCPATH\index.php(79): CodeIgniter\CodeIgniter->run()
 5 SYSTEMPATH\Commands\Server\rewrite.php(47): require_once('C:\\xampp\\htdocs\\sentosaabadi_form\\public\\index.php')
CRITICAL - 2024-02-11 14:45:16 --> Error: Class "App\Models\JadwalModel" not found
in APPPATH\Controllers\Jadwal.php on line 14.
 1 SYSTEMPATH\CodeIgniter.php(941): App\Controllers\Jadwal->index()
 2 SYSTEMPATH\CodeIgniter.php(502): CodeIgniter\CodeIgniter->runController(Object(App\Controllers\Jadwal))
 3 SYSTEMPATH\CodeIgniter.php(361): CodeIgniter\CodeIgniter->handleRequest(null, Object(Config\Cache), false)
 4 FCPATH\index.php(79): CodeIgniter\CodeIgniter->run()
 5 SYSTEMPATH\Commands\Server\rewrite.php(47): require_once('C:\\xampp\\htdocs\\sentosaabadi_form\\public\\index.php')
CRITICAL - 2024-02-11 14:47:25 --> Error: Class "App\Models\JadwalModel" not found
in APPPATH\Controllers\Jadwal.php on line 14.
 1 SYSTEMPATH\CodeIgniter.php(941): App\Controllers\Jadwal->index()
 2 SYSTEMPATH\CodeIgniter.php(502): CodeIgniter\CodeIgniter->runController(Object(App\Controllers\Jadwal))
 3 SYSTEMPATH\CodeIgniter.php(361): CodeIgniter\CodeIgniter->handleRequest(null, Object(Config\Cache), false)
 4 FCPATH\index.php(79): CodeIgniter\CodeIgniter->run()
 5 SYSTEMPATH\Commands\Server\rewrite.php(47): require_once('C:\\xampp\\htdocs\\sentosaabadi_form\\public\\index.php')
CRITICAL - 2024-02-11 14:47:44 --> Error: Class "App\Models\JadwalModel" not found
in APPPATH\Controllers\Jadwal.php on line 14.
 1 SYSTEMPATH\CodeIgniter.php(941): App\Controllers\Jadwal->index()
 2 SYSTEMPATH\CodeIgniter.php(502): CodeIgniter\CodeIgniter->runController(Object(App\Controllers\Jadwal))
 3 SYSTEMPATH\CodeIgniter.php(361): CodeIgniter\CodeIgniter->handleRequest(null, Object(Config\Cache), false)
 4 FCPATH\index.php(79): CodeIgniter\CodeIgniter->run()
 5 SYSTEMPATH\Commands\Server\rewrite.php(47): require_once('C:\\xampp\\htdocs\\sentosaabadi_form\\public\\index.php')
CRITICAL - 2024-02-11 14:54:16 --> Error: Class "App\Models\JadwalModel" not found
in APPPATH\Controllers\Jadwal.php on line 14.
 1 SYSTEMPATH\CodeIgniter.php(941): App\Controllers\Jadwal->index()
 2 SYSTEMPATH\CodeIgniter.php(502): CodeIgniter\CodeIgniter->runController(Object(App\Controllers\Jadwal))
 3 SYSTEMPATH\CodeIgniter.php(361): CodeIgniter\CodeIgniter->handleRequest(null, Object(Config\Cache), false)
 4 FCPATH\index.php(79): CodeIgniter\CodeIgniter->run()
 5 SYSTEMPATH\Commands\Server\rewrite.php(47): require_once('C:\\xampp\\htdocs\\sentosaabadi_form\\public\\index.php')
CRITICAL - 2024-02-11 14:55:09 --> Error: Class "App\Models\JadwalModel" not found
in APPPATH\Controllers\Jadwal.php on line 14.
 1 SYSTEMPATH\CodeIgniter.php(941): App\Controllers\Jadwal->index()
 2 SYSTEMPATH\CodeIgniter.php(502): CodeIgniter\CodeIgniter->runController(Object(App\Controllers\Jadwal))
 3 SYSTEMPATH\CodeIgniter.php(361): CodeIgniter\CodeIgniter->handleRequest(null, Object(Config\Cache), false)
 4 FCPATH\index.php(79): CodeIgniter\CodeIgniter->run()
 5 SYSTEMPATH\Commands\Server\rewrite.php(47): require_once('C:\\xampp\\htdocs\\sentosaabadi_form\\public\\index.php')
ERROR - 2024-02-11 15:03:27 --> Error connecting to the database: ErrorException: mysqli::real_connect(): The server requested authentication method unknown to the client [auth_gssapi_client] in C:\xampp\htdocs\sentosaabadi_form\system\Database\MySQLi\Connection.php:185
Stack trace:
#0 [internal function]: CodeIgniter\Debug\Exceptions->errorHandler(2, 'mysqli::real_co...', 'C:\\xampp\\htdocs...', 185)
#1 C:\xampp\htdocs\sentosaabadi_form\system\Database\MySQLi\Connection.php(185): mysqli->real_connect('localhost', '', '', '', 3306, '', 0)
#2 C:\xampp\htdocs\sentosaabadi_form\system\Database\BaseConnection.php(392): CodeIgniter\Database\MySQLi\Connection->connect(false)
#3 C:\xampp\htdocs\sentosaabadi_form\system\Database\BaseConnection.php(575): CodeIgniter\Database\BaseConnection->initialize()
#4 C:\xampp\htdocs\sentosaabadi_form\system\Database\BaseBuilder.php(1613): CodeIgniter\Database\BaseConnection->query('SELECT *\nFROM `...', Array, false)
#5 C:\xampp\htdocs\sentosaabadi_form\system\Model.php(242): CodeIgniter\Database\BaseBuilder->get()
#6 C:\xampp\htdocs\sentosaabadi_form\system\BaseModel.php(638): CodeIgniter\Model->doFindAll(0, 0)
#7 C:\xampp\htdocs\sentosaabadi_form\app\Controllers\Jadwal.php(15): CodeIgniter\BaseModel->findAll()
#8 C:\xampp\htdocs\sentosaabadi_form\system\CodeIgniter.php(941): App\Controllers\Jadwal->index()
#9 C:\xampp\htdocs\sentosaabadi_form\system\CodeIgniter.php(502): CodeIgniter\CodeIgniter->runController(Object(App\Controllers\Jadwal))
#10 C:\xampp\htdocs\sentosaabadi_form\system\CodeIgniter.php(361): CodeIgniter\CodeIgniter->handleRequest(NULL, Object(Config\Cache), false)
#11 C:\xampp\htdocs\sentosaabadi_form\public\index.php(79): CodeIgniter\CodeIgniter->run()
#12 C:\xampp\htdocs\sentosaabadi_form\system\Commands\Server\rewrite.php(47): require_once('C:\\xampp\\htdocs...')
#13 {main}

Next mysqli_sql_exception: The server requested authentication method unknown to the client in C:\xampp\htdocs\sentosaabadi_form\system\Database\MySQLi\Connection.php:185
Stack trace:
#0 C:\xampp\htdocs\sentosaabadi_form\system\Database\MySQLi\Connection.php(185): mysqli->real_connect('localhost', '', '', '', 3306, '', 0)
#1 C:\xampp\htdocs\sentosaabadi_form\system\Database\BaseConnection.php(392): CodeIgniter\Database\MySQLi\Connection->connect(false)
#2 C:\xampp\htdocs\sentosaabadi_form\system\Database\BaseConnection.php(575): CodeIgniter\Database\BaseConnection->initialize()
#3 C:\xampp\htdocs\sentosaabadi_form\system\Database\BaseBuilder.php(1613): CodeIgniter\Database\BaseConnection->query('SELECT *\nFROM `...', Array, false)
#4 C:\xampp\htdocs\sentosaabadi_form\system\Model.php(242): CodeIgniter\Database\BaseBuilder->get()
#5 C:\xampp\htdocs\sentosaabadi_form\system\BaseModel.php(638): CodeIgniter\Model->doFindAll(0, 0)
#6 C:\xampp\htdocs\sentosaabadi_form\app\Controllers\Jadwal.php(15): CodeIgniter\BaseModel->findAll()
#7 C:\xampp\htdocs\sentosaabadi_form\system\CodeIgniter.php(941): App\Controllers\Jadwal->index()
#8 C:\xampp\htdocs\sentosaabadi_form\system\CodeIgniter.php(502): CodeIgniter\CodeIgniter->runController(Object(App\Controllers\Jadwal))
#9 C:\xampp\htdocs\sentosaabadi_form\system\CodeIgniter.php(361): CodeIgniter\CodeIgniter->handleRequest(NULL, Object(Config\Cache), false)
#10 C:\xampp\htdocs\sentosaabadi_form\public\index.php(79): CodeIgniter\CodeIgniter->run()
#11 C:\xampp\htdocs\sentosaabadi_form\system\Commands\Server\rewrite.php(47): require_once('C:\\xampp\\htdocs...')
#12 {main}

Next CodeIgniter\Database\Exceptions\DatabaseException: The server requested authentication method unknown to the client in C:\xampp\htdocs\sentosaabadi_form\system\Database\MySQLi\Connection.php:229
Stack trace:
#0 C:\xampp\htdocs\sentosaabadi_form\system\Database\BaseConnection.php(392): CodeIgniter\Database\MySQLi\Connection->connect(false)
#1 C:\xampp\htdocs\sentosaabadi_form\system\Database\BaseConnection.php(575): CodeIgniter\Database\BaseConnection->initialize()
#2 C:\xampp\htdocs\sentosaabadi_form\system\Database\BaseBuilder.php(1613): CodeIgniter\Database\BaseConnection->query('SELECT *\nFROM `...', Array, false)
#3 C:\xampp\htdocs\sentosaabadi_form\system\Model.php(242): CodeIgniter\Database\BaseBuilder->get()
#4 C:\xampp\htdocs\sentosaabadi_form\system\BaseModel.php(638): CodeIgniter\Model->doFindAll(0, 0)
#5 C:\xampp\htdocs\sentosaabadi_form\app\Controllers\Jadwal.php(15): CodeIgniter\BaseModel->findAll()
#6 C:\xampp\htdocs\sentosaabadi_form\system\CodeIgniter.php(941): App\Controllers\Jadwal->index()
#7 C:\xampp\htdocs\sentosaabadi_form\system\CodeIgniter.php(502): CodeIgniter\CodeIgniter->runController(Object(App\Controllers\Jadwal))
#8 C:\xampp\htdocs\sentosaabadi_form\system\CodeIgniter.php(361): CodeIgniter\CodeIgniter->handleRequest(NULL, Object(Config\Cache), false)
#9 C:\xampp\htdocs\sentosaabadi_form\public\index.php(79): CodeIgniter\CodeIgniter->run()
#10 C:\xampp\htdocs\sentosaabadi_form\system\Commands\Server\rewrite.php(47): require_once('C:\\xampp\\htdocs...')
#11 {main}
CRITICAL - 2024-02-11 15:03:27 --> CodeIgniter\Database\Exceptions\DatabaseException: Unable to connect to the database.
Main connection [MySQLi]: The server requested authentication method unknown to the client
in SYSTEMPATH\Database\BaseConnection.php on line 428.
 1 SYSTEMPATH\Database\BaseConnection.php(575): CodeIgniter\Database\BaseConnection->initialize()
 2 SYSTEMPATH\Database\BaseBuilder.php(1613): CodeIgniter\Database\BaseConnection->query('SELECT *
FROM `staf`', [], false)
 3 SYSTEMPATH\Model.php(242): CodeIgniter\Database\BaseBuilder->get()
 4 SYSTEMPATH\BaseModel.php(638): CodeIgniter\Model->doFindAll(0, 0)
 5 APPPATH\Controllers\Jadwal.php(15): CodeIgniter\BaseModel->findAll()
 6 SYSTEMPATH\CodeIgniter.php(941): App\Controllers\Jadwal->index()
 7 SYSTEMPATH\CodeIgniter.php(502): CodeIgniter\CodeIgniter->runController(Object(App\Controllers\Jadwal))
 8 SYSTEMPATH\CodeIgniter.php(361): CodeIgniter\CodeIgniter->handleRequest(null, Object(Config\Cache), false)
 9 FCPATH\index.php(79): CodeIgniter\CodeIgniter->run()
10 SYSTEMPATH\Commands\Server\rewrite.php(47): require_once('C:\\xampp\\htdocs\\sentosaabadi_form\\public\\index.php')
ERROR - 2024-02-11 15:03:29 --> Error connecting to the database: ErrorException: mysqli::real_connect(): The server requested authentication method unknown to the client [auth_gssapi_client] in C:\xampp\htdocs\sentosaabadi_form\system\Database\MySQLi\Connection.php:185
Stack trace:
#0 [internal function]: CodeIgniter\Debug\Exceptions->errorHandler(2, 'mysqli::real_co...', 'C:\\xampp\\htdocs...', 185)
#1 C:\xampp\htdocs\sentosaabadi_form\system\Database\MySQLi\Connection.php(185): mysqli->real_connect('localhost', '', '', '', 3306, '', 0)
#2 C:\xampp\htdocs\sentosaabadi_form\system\Database\BaseConnection.php(392): CodeIgniter\Database\MySQLi\Connection->connect(false)
#3 C:\xampp\htdocs\sentosaabadi_form\system\Database\BaseConnection.php(575): CodeIgniter\Database\BaseConnection->initialize()
#4 C:\xampp\htdocs\sentosaabadi_form\system\Database\BaseBuilder.php(1613): CodeIgniter\Database\BaseConnection->query('SELECT *\nFROM `...', Array, false)
#5 C:\xampp\htdocs\sentosaabadi_form\system\Model.php(242): CodeIgniter\Database\BaseBuilder->get()
#6 C:\xampp\htdocs\sentosaabadi_form\system\BaseModel.php(638): CodeIgniter\Model->doFindAll(0, 0)
#7 C:\xampp\htdocs\sentosaabadi_form\app\Controllers\Jadwal.php(15): CodeIgniter\BaseModel->findAll()
#8 C:\xampp\htdocs\sentosaabadi_form\system\CodeIgniter.php(941): App\Controllers\Jadwal->index()
#9 C:\xampp\htdocs\sentosaabadi_form\system\CodeIgniter.php(502): CodeIgniter\CodeIgniter->runController(Object(App\Controllers\Jadwal))
#10 C:\xampp\htdocs\sentosaabadi_form\system\CodeIgniter.php(361): CodeIgniter\CodeIgniter->handleRequest(NULL, Object(Config\Cache), false)
#11 C:\xampp\htdocs\sentosaabadi_form\public\index.php(79): CodeIgniter\CodeIgniter->run()
#12 C:\xampp\htdocs\sentosaabadi_form\system\Commands\Server\rewrite.php(47): require_once('C:\\xampp\\htdocs...')
#13 {main}

Next mysqli_sql_exception: The server requested authentication method unknown to the client in C:\xampp\htdocs\sentosaabadi_form\system\Database\MySQLi\Connection.php:185
Stack trace:
#0 C:\xampp\htdocs\sentosaabadi_form\system\Database\MySQLi\Connection.php(185): mysqli->real_connect('localhost', '', '', '', 3306, '', 0)
#1 C:\xampp\htdocs\sentosaabadi_form\system\Database\BaseConnection.php(392): CodeIgniter\Database\MySQLi\Connection->connect(false)
#2 C:\xampp\htdocs\sentosaabadi_form\system\Database\BaseConnection.php(575): CodeIgniter\Database\BaseConnection->initialize()
#3 C:\xampp\htdocs\sentosaabadi_form\system\Database\BaseBuilder.php(1613): CodeIgniter\Database\BaseConnection->query('SELECT *\nFROM `...', Array, false)
#4 C:\xampp\htdocs\sentosaabadi_form\system\Model.php(242): CodeIgniter\Database\BaseBuilder->get()
#5 C:\xampp\htdocs\sentosaabadi_form\system\BaseModel.php(638): CodeIgniter\Model->doFindAll(0, 0)
#6 C:\xampp\htdocs\sentosaabadi_form\app\Controllers\Jadwal.php(15): CodeIgniter\BaseModel->findAll()
#7 C:\xampp\htdocs\sentosaabadi_form\system\CodeIgniter.php(941): App\Controllers\Jadwal->index()
#8 C:\xampp\htdocs\sentosaabadi_form\system\CodeIgniter.php(502): CodeIgniter\CodeIgniter->runController(Object(App\Controllers\Jadwal))
#9 C:\xampp\htdocs\sentosaabadi_form\system\CodeIgniter.php(361): CodeIgniter\CodeIgniter->handleRequest(NULL, Object(Config\Cache), false)
#10 C:\xampp\htdocs\sentosaabadi_form\public\index.php(79): CodeIgniter\CodeIgniter->run()
#11 C:\xampp\htdocs\sentosaabadi_form\system\Commands\Server\rewrite.php(47): require_once('C:\\xampp\\htdocs...')
#12 {main}

Next CodeIgniter\Database\Exceptions\DatabaseException: The server requested authentication method unknown to the client in C:\xampp\htdocs\sentosaabadi_form\system\Database\MySQLi\Connection.php:229
Stack trace:
#0 C:\xampp\htdocs\sentosaabadi_form\system\Database\BaseConnection.php(392): CodeIgniter\Database\MySQLi\Connection->connect(false)
#1 C:\xampp\htdocs\sentosaabadi_form\system\Database\BaseConnection.php(575): CodeIgniter\Database\BaseConnection->initialize()
#2 C:\xampp\htdocs\sentosaabadi_form\system\Database\BaseBuilder.php(1613): CodeIgniter\Database\BaseConnection->query('SELECT *\nFROM `...', Array, false)
#3 C:\xampp\htdocs\sentosaabadi_form\system\Model.php(242): CodeIgniter\Database\BaseBuilder->get()
#4 C:\xampp\htdocs\sentosaabadi_form\system\BaseModel.php(638): CodeIgniter\Model->doFindAll(0, 0)
#5 C:\xampp\htdocs\sentosaabadi_form\app\Controllers\Jadwal.php(15): CodeIgniter\BaseModel->findAll()
#6 C:\xampp\htdocs\sentosaabadi_form\system\CodeIgniter.php(941): App\Controllers\Jadwal->index()
#7 C:\xampp\htdocs\sentosaabadi_form\system\CodeIgniter.php(502): CodeIgniter\CodeIgniter->runController(Object(App\Controllers\Jadwal))
#8 C:\xampp\htdocs\sentosaabadi_form\system\CodeIgniter.php(361): CodeIgniter\CodeIgniter->handleRequest(NULL, Object(Config\Cache), false)
#9 C:\xampp\htdocs\sentosaabadi_form\public\index.php(79): CodeIgniter\CodeIgniter->run()
#10 C:\xampp\htdocs\sentosaabadi_form\system\Commands\Server\rewrite.php(47): require_once('C:\\xampp\\htdocs...')
#11 {main}
CRITICAL - 2024-02-11 15:03:29 --> CodeIgniter\Database\Exceptions\DatabaseException: Unable to connect to the database.
Main connection [MySQLi]: The server requested authentication method unknown to the client
in SYSTEMPATH\Database\BaseConnection.php on line 428.
 1 SYSTEMPATH\Database\BaseConnection.php(575): CodeIgniter\Database\BaseConnection->initialize()
 2 SYSTEMPATH\Database\BaseBuilder.php(1613): CodeIgniter\Database\BaseConnection->query('SELECT *
FROM `staf`', [], false)
 3 SYSTEMPATH\Model.php(242): CodeIgniter\Database\BaseBuilder->get()
 4 SYSTEMPATH\BaseModel.php(638): CodeIgniter\Model->doFindAll(0, 0)
 5 APPPATH\Controllers\Jadwal.php(15): CodeIgniter\BaseModel->findAll()
 6 SYSTEMPATH\CodeIgniter.php(941): App\Controllers\Jadwal->index()
 7 SYSTEMPATH\CodeIgniter.php(502): CodeIgniter\CodeIgniter->runController(Object(App\Controllers\Jadwal))
 8 SYSTEMPATH\CodeIgniter.php(361): CodeIgniter\CodeIgniter->handleRequest(null, Object(Config\Cache), false)
 9 FCPATH\index.php(79): CodeIgniter\CodeIgniter->run()
10 SYSTEMPATH\Commands\Server\rewrite.php(47): require_once('C:\\xampp\\htdocs\\sentosaabadi_form\\public\\index.php')
ERROR - 2024-02-11 15:03:33 --> Error connecting to the database: ErrorException: mysqli::real_connect(): The server requested authentication method unknown to the client [auth_gssapi_client] in C:\xampp\htdocs\sentosaabadi_form\system\Database\MySQLi\Connection.php:185
Stack trace:
#0 [internal function]: CodeIgniter\Debug\Exceptions->errorHandler(2, 'mysqli::real_co...', 'C:\\xampp\\htdocs...', 185)
#1 C:\xampp\htdocs\sentosaabadi_form\system\Database\MySQLi\Connection.php(185): mysqli->real_connect('localhost', '', '', '', 3306, '', 0)
#2 C:\xampp\htdocs\sentosaabadi_form\system\Database\BaseConnection.php(392): CodeIgniter\Database\MySQLi\Connection->connect(false)
#3 C:\xampp\htdocs\sentosaabadi_form\system\Database\BaseConnection.php(575): CodeIgniter\Database\BaseConnection->initialize()
#4 C:\xampp\htdocs\sentosaabadi_form\system\Database\BaseBuilder.php(1613): CodeIgniter\Database\BaseConnection->query('SELECT *\nFROM `...', Array, false)
#5 C:\xampp\htdocs\sentosaabadi_form\system\Model.php(242): CodeIgniter\Database\BaseBuilder->get()
#6 C:\xampp\htdocs\sentosaabadi_form\system\BaseModel.php(638): CodeIgniter\Model->doFindAll(0, 0)
#7 C:\xampp\htdocs\sentosaabadi_form\app\Controllers\Jadwal.php(15): CodeIgniter\BaseModel->findAll()
#8 C:\xampp\htdocs\sentosaabadi_form\system\CodeIgniter.php(941): App\Controllers\Jadwal->index()
#9 C:\xampp\htdocs\sentosaabadi_form\system\CodeIgniter.php(502): CodeIgniter\CodeIgniter->runController(Object(App\Controllers\Jadwal))
#10 C:\xampp\htdocs\sentosaabadi_form\system\CodeIgniter.php(361): CodeIgniter\CodeIgniter->handleRequest(NULL, Object(Config\Cache), false)
#11 C:\xampp\htdocs\sentosaabadi_form\public\index.php(79): CodeIgniter\CodeIgniter->run()
#12 C:\xampp\htdocs\sentosaabadi_form\system\Commands\Server\rewrite.php(47): require_once('C:\\xampp\\htdocs...')
#13 {main}

Next mysqli_sql_exception: The server requested authentication method unknown to the client in C:\xampp\htdocs\sentosaabadi_form\system\Database\MySQLi\Connection.php:185
Stack trace:
#0 C:\xampp\htdocs\sentosaabadi_form\system\Database\MySQLi\Connection.php(185): mysqli->real_connect('localhost', '', '', '', 3306, '', 0)
#1 C:\xampp\htdocs\sentosaabadi_form\system\Database\BaseConnection.php(392): CodeIgniter\Database\MySQLi\Connection->connect(false)
#2 C:\xampp\htdocs\sentosaabadi_form\system\Database\BaseConnection.php(575): CodeIgniter\Database\BaseConnection->initialize()
#3 C:\xampp\htdocs\sentosaabadi_form\system\Database\BaseBuilder.php(1613): CodeIgniter\Database\BaseConnection->query('SELECT *\nFROM `...', Array, false)
#4 C:\xampp\htdocs\sentosaabadi_form\system\Model.php(242): CodeIgniter\Database\BaseBuilder->get()
#5 C:\xampp\htdocs\sentosaabadi_form\system\BaseModel.php(638): CodeIgniter\Model->doFindAll(0, 0)
#6 C:\xampp\htdocs\sentosaabadi_form\app\Controllers\Jadwal.php(15): CodeIgniter\BaseModel->findAll()
#7 C:\xampp\htdocs\sentosaabadi_form\system\CodeIgniter.php(941): App\Controllers\Jadwal->index()
#8 C:\xampp\htdocs\sentosaabadi_form\system\CodeIgniter.php(502): CodeIgniter\CodeIgniter->runController(Object(App\Controllers\Jadwal))
#9 C:\xampp\htdocs\sentosaabadi_form\system\CodeIgniter.php(361): CodeIgniter\CodeIgniter->handleRequest(NULL, Object(Config\Cache), false)
#10 C:\xampp\htdocs\sentosaabadi_form\public\index.php(79): CodeIgniter\CodeIgniter->run()
#11 C:\xampp\htdocs\sentosaabadi_form\system\Commands\Server\rewrite.php(47): require_once('C:\\xampp\\htdocs...')
#12 {main}

Next CodeIgniter\Database\Exceptions\DatabaseException: The server requested authentication method unknown to the client in C:\xampp\htdocs\sentosaabadi_form\system\Database\MySQLi\Connection.php:229
Stack trace:
#0 C:\xampp\htdocs\sentosaabadi_form\system\Database\BaseConnection.php(392): CodeIgniter\Database\MySQLi\Connection->connect(false)
#1 C:\xampp\htdocs\sentosaabadi_form\system\Database\BaseConnection.php(575): CodeIgniter\Database\BaseConnection->initialize()
#2 C:\xampp\htdocs\sentosaabadi_form\system\Database\BaseBuilder.php(1613): CodeIgniter\Database\BaseConnection->query('SELECT *\nFROM `...', Array, false)
#3 C:\xampp\htdocs\sentosaabadi_form\system\Model.php(242): CodeIgniter\Database\BaseBuilder->get()
#4 C:\xampp\htdocs\sentosaabadi_form\system\BaseModel.php(638): CodeIgniter\Model->doFindAll(0, 0)
#5 C:\xampp\htdocs\sentosaabadi_form\app\Controllers\Jadwal.php(15): CodeIgniter\BaseModel->findAll()
#6 C:\xampp\htdocs\sentosaabadi_form\system\CodeIgniter.php(941): App\Controllers\Jadwal->index()
#7 C:\xampp\htdocs\sentosaabadi_form\system\CodeIgniter.php(502): CodeIgniter\CodeIgniter->runController(Object(App\Controllers\Jadwal))
#8 C:\xampp\htdocs\sentosaabadi_form\system\CodeIgniter.php(361): CodeIgniter\CodeIgniter->handleRequest(NULL, Object(Config\Cache), false)
#9 C:\xampp\htdocs\sentosaabadi_form\public\index.php(79): CodeIgniter\CodeIgniter->run()
#10 C:\xampp\htdocs\sentosaabadi_form\system\Commands\Server\rewrite.php(47): require_once('C:\\xampp\\htdocs...')
#11 {main}
CRITICAL - 2024-02-11 15:03:33 --> CodeIgniter\Database\Exceptions\DatabaseException: Unable to connect to the database.
Main connection [MySQLi]: The server requested authentication method unknown to the client
in SYSTEMPATH\Database\BaseConnection.php on line 428.
 1 SYSTEMPATH\Database\BaseConnection.php(575): CodeIgniter\Database\BaseConnection->initialize()
 2 SYSTEMPATH\Database\BaseBuilder.php(1613): CodeIgniter\Database\BaseConnection->query('SELECT *
FROM `staf`', [], false)
 3 SYSTEMPATH\Model.php(242): CodeIgniter\Database\BaseBuilder->get()
 4 SYSTEMPATH\BaseModel.php(638): CodeIgniter\Model->doFindAll(0, 0)
 5 APPPATH\Controllers\Jadwal.php(15): CodeIgniter\BaseModel->findAll()
 6 SYSTEMPATH\CodeIgniter.php(941): App\Controllers\Jadwal->index()
 7 SYSTEMPATH\CodeIgniter.php(502): CodeIgniter\CodeIgniter->runController(Object(App\Controllers\Jadwal))
 8 SYSTEMPATH\CodeIgniter.php(361): CodeIgniter\CodeIgniter->handleRequest(null, Object(Config\Cache), false)
 9 FCPATH\index.php(79): CodeIgniter\CodeIgniter->run()
10 SYSTEMPATH\Commands\Server\rewrite.php(47): require_once('C:\\xampp\\htdocs\\sentosaabadi_form\\public\\index.php')
ERROR - 2024-02-11 15:03:42 --> Error connecting to the database: ErrorException: mysqli::real_connect(): The server requested authentication method unknown to the client [auth_gssapi_client] in C:\xampp\htdocs\sentosaabadi_form\system\Database\MySQLi\Connection.php:185
Stack trace:
#0 [internal function]: CodeIgniter\Debug\Exceptions->errorHandler(2, 'mysqli::real_co...', 'C:\\xampp\\htdocs...', 185)
#1 C:\xampp\htdocs\sentosaabadi_form\system\Database\MySQLi\Connection.php(185): mysqli->real_connect('localhost', '', '', '', 3306, '', 0)
#2 C:\xampp\htdocs\sentosaabadi_form\system\Database\BaseConnection.php(392): CodeIgniter\Database\MySQLi\Connection->connect(false)
#3 C:\xampp\htdocs\sentosaabadi_form\system\Database\BaseConnection.php(575): CodeIgniter\Database\BaseConnection->initialize()
#4 C:\xampp\htdocs\sentosaabadi_form\system\Database\BaseBuilder.php(1613): CodeIgniter\Database\BaseConnection->query('SELECT *\nFROM `...', Array, false)
#5 C:\xampp\htdocs\sentosaabadi_form\system\Model.php(242): CodeIgniter\Database\BaseBuilder->get()
#6 C:\xampp\htdocs\sentosaabadi_form\system\BaseModel.php(638): CodeIgniter\Model->doFindAll(0, 0)
#7 C:\xampp\htdocs\sentosaabadi_form\app\Controllers\Jadwal.php(15): CodeIgniter\BaseModel->findAll()
#8 C:\xampp\htdocs\sentosaabadi_form\system\CodeIgniter.php(941): App\Controllers\Jadwal->index()
#9 C:\xampp\htdocs\sentosaabadi_form\system\CodeIgniter.php(502): CodeIgniter\CodeIgniter->runController(Object(App\Controllers\Jadwal))
#10 C:\xampp\htdocs\sentosaabadi_form\system\CodeIgniter.php(361): CodeIgniter\CodeIgniter->handleRequest(NULL, Object(Config\Cache), false)
#11 C:\xampp\htdocs\sentosaabadi_form\public\index.php(79): CodeIgniter\CodeIgniter->run()
#12 C:\xampp\htdocs\sentosaabadi_form\system\Commands\Server\rewrite.php(47): require_once('C:\\xampp\\htdocs...')
#13 {main}

Next mysqli_sql_exception: The server requested authentication method unknown to the client in C:\xampp\htdocs\sentosaabadi_form\system\Database\MySQLi\Connection.php:185
Stack trace:
#0 C:\xampp\htdocs\sentosaabadi_form\system\Database\MySQLi\Connection.php(185): mysqli->real_connect('localhost', '', '', '', 3306, '', 0)
#1 C:\xampp\htdocs\sentosaabadi_form\system\Database\BaseConnection.php(392): CodeIgniter\Database\MySQLi\Connection->connect(false)
#2 C:\xampp\htdocs\sentosaabadi_form\system\Database\BaseConnection.php(575): CodeIgniter\Database\BaseConnection->initialize()
#3 C:\xampp\htdocs\sentosaabadi_form\system\Database\BaseBuilder.php(1613): CodeIgniter\Database\BaseConnection->query('SELECT *\nFROM `...', Array, false)
#4 C:\xampp\htdocs\sentosaabadi_form\system\Model.php(242): CodeIgniter\Database\BaseBuilder->get()
#5 C:\xampp\htdocs\sentosaabadi_form\system\BaseModel.php(638): CodeIgniter\Model->doFindAll(0, 0)
#6 C:\xampp\htdocs\sentosaabadi_form\app\Controllers\Jadwal.php(15): CodeIgniter\BaseModel->findAll()
#7 C:\xampp\htdocs\sentosaabadi_form\system\CodeIgniter.php(941): App\Controllers\Jadwal->index()
#8 C:\xampp\htdocs\sentosaabadi_form\system\CodeIgniter.php(502): CodeIgniter\CodeIgniter->runController(Object(App\Controllers\Jadwal))
#9 C:\xampp\htdocs\sentosaabadi_form\system\CodeIgniter.php(361): CodeIgniter\CodeIgniter->handleRequest(NULL, Object(Config\Cache), false)
#10 C:\xampp\htdocs\sentosaabadi_form\public\index.php(79): CodeIgniter\CodeIgniter->run()
#11 C:\xampp\htdocs\sentosaabadi_form\system\Commands\Server\rewrite.php(47): require_once('C:\\xampp\\htdocs...')
#12 {main}

Next CodeIgniter\Database\Exceptions\DatabaseException: The server requested authentication method unknown to the client in C:\xampp\htdocs\sentosaabadi_form\system\Database\MySQLi\Connection.php:229
Stack trace:
#0 C:\xampp\htdocs\sentosaabadi_form\system\Database\BaseConnection.php(392): CodeIgniter\Database\MySQLi\Connection->connect(false)
#1 C:\xampp\htdocs\sentosaabadi_form\system\Database\BaseConnection.php(575): CodeIgniter\Database\BaseConnection->initialize()
#2 C:\xampp\htdocs\sentosaabadi_form\system\Database\BaseBuilder.php(1613): CodeIgniter\Database\BaseConnection->query('SELECT *\nFROM `...', Array, false)
#3 C:\xampp\htdocs\sentosaabadi_form\system\Model.php(242): CodeIgniter\Database\BaseBuilder->get()
#4 C:\xampp\htdocs\sentosaabadi_form\system\BaseModel.php(638): CodeIgniter\Model->doFindAll(0, 0)
#5 C:\xampp\htdocs\sentosaabadi_form\app\Controllers\Jadwal.php(15): CodeIgniter\BaseModel->findAll()
#6 C:\xampp\htdocs\sentosaabadi_form\system\CodeIgniter.php(941): App\Controllers\Jadwal->index()
#7 C:\xampp\htdocs\sentosaabadi_form\system\CodeIgniter.php(502): CodeIgniter\CodeIgniter->runController(Object(App\Controllers\Jadwal))
#8 C:\xampp\htdocs\sentosaabadi_form\system\CodeIgniter.php(361): CodeIgniter\CodeIgniter->handleRequest(NULL, Object(Config\Cache), false)
#9 C:\xampp\htdocs\sentosaabadi_form\public\index.php(79): CodeIgniter\CodeIgniter->run()
#10 C:\xampp\htdocs\sentosaabadi_form\system\Commands\Server\rewrite.php(47): require_once('C:\\xampp\\htdocs...')
#11 {main}
CRITICAL - 2024-02-11 15:03:42 --> CodeIgniter\Database\Exceptions\DatabaseException: Unable to connect to the database.
Main connection [MySQLi]: The server requested authentication method unknown to the client
in SYSTEMPATH\Database\BaseConnection.php on line 428.
 1 SYSTEMPATH\Database\BaseConnection.php(575): CodeIgniter\Database\BaseConnection->initialize()
 2 SYSTEMPATH\Database\BaseBuilder.php(1613): CodeIgniter\Database\BaseConnection->query('SELECT *
FROM `staf`', [], false)
 3 SYSTEMPATH\Model.php(242): CodeIgniter\Database\BaseBuilder->get()
 4 SYSTEMPATH\BaseModel.php(638): CodeIgniter\Model->doFindAll(0, 0)
 5 APPPATH\Controllers\Jadwal.php(15): CodeIgniter\BaseModel->findAll()
 6 SYSTEMPATH\CodeIgniter.php(941): App\Controllers\Jadwal->index()
 7 SYSTEMPATH\CodeIgniter.php(502): CodeIgniter\CodeIgniter->runController(Object(App\Controllers\Jadwal))
 8 SYSTEMPATH\CodeIgniter.php(361): CodeIgniter\CodeIgniter->handleRequest(null, Object(Config\Cache), false)
 9 FCPATH\index.php(79): CodeIgniter\CodeIgniter->run()
10 SYSTEMPATH\Commands\Server\rewrite.php(47): require_once('C:\\xampp\\htdocs\\sentosaabadi_form\\public\\index.php')
ERROR - 2024-02-11 15:17:16 --> Error connecting to the database: ErrorException: mysqli::real_connect(): The server requested authentication method unknown to the client [auth_gssapi_client] in C:\xampp\htdocs\sentosaabadi_form\system\Database\MySQLi\Connection.php:185
Stack trace:
#0 [internal function]: CodeIgniter\Debug\Exceptions->errorHandler(2, 'mysqli::real_co...', 'C:\\xampp\\htdocs...', 185)
#1 C:\xampp\htdocs\sentosaabadi_form\system\Database\MySQLi\Connection.php(185): mysqli->real_connect('localhost', '', '', '', 3306, '', 0)
#2 C:\xampp\htdocs\sentosaabadi_form\system\Database\BaseConnection.php(392): CodeIgniter\Database\MySQLi\Connection->connect(false)
#3 C:\xampp\htdocs\sentosaabadi_form\system\Database\BaseConnection.php(575): CodeIgniter\Database\BaseConnection->initialize()
#4 C:\xampp\htdocs\sentosaabadi_form\system\Database\BaseBuilder.php(1613): CodeIgniter\Database\BaseConnection->query('SELECT *\nFROM `...', Array, false)
#5 C:\xampp\htdocs\sentosaabadi_form\system\Model.php(242): CodeIgniter\Database\BaseBuilder->get()
#6 C:\xampp\htdocs\sentosaabadi_form\system\BaseModel.php(638): CodeIgniter\Model->doFindAll(0, 0)
#7 C:\xampp\htdocs\sentosaabadi_form\app\Controllers\Jadwal.php(15): CodeIgniter\BaseModel->findAll()
#8 C:\xampp\htdocs\sentosaabadi_form\system\CodeIgniter.php(941): App\Controllers\Jadwal->index()
#9 C:\xampp\htdocs\sentosaabadi_form\system\CodeIgniter.php(502): CodeIgniter\CodeIgniter->runController(Object(App\Controllers\Jadwal))
#10 C:\xampp\htdocs\sentosaabadi_form\system\CodeIgniter.php(361): CodeIgniter\CodeIgniter->handleRequest(NULL, Object(Config\Cache), false)
#11 C:\xampp\htdocs\sentosaabadi_form\public\index.php(79): CodeIgniter\CodeIgniter->run()
#12 C:\xampp\htdocs\sentosaabadi_form\system\Commands\Server\rewrite.php(47): require_once('C:\\xampp\\htdocs...')
#13 {main}

Next mysqli_sql_exception: The server requested authentication method unknown to the client in C:\xampp\htdocs\sentosaabadi_form\system\Database\MySQLi\Connection.php:185
Stack trace:
#0 C:\xampp\htdocs\sentosaabadi_form\system\Database\MySQLi\Connection.php(185): mysqli->real_connect('localhost', '', '', '', 3306, '', 0)
#1 C:\xampp\htdocs\sentosaabadi_form\system\Database\BaseConnection.php(392): CodeIgniter\Database\MySQLi\Connection->connect(false)
#2 C:\xampp\htdocs\sentosaabadi_form\system\Database\BaseConnection.php(575): CodeIgniter\Database\BaseConnection->initialize()
#3 C:\xampp\htdocs\sentosaabadi_form\system\Database\BaseBuilder.php(1613): CodeIgniter\Database\BaseConnection->query('SELECT *\nFROM `...', Array, false)
#4 C:\xampp\htdocs\sentosaabadi_form\system\Model.php(242): CodeIgniter\Database\BaseBuilder->get()
#5 C:\xampp\htdocs\sentosaabadi_form\system\BaseModel.php(638): CodeIgniter\Model->doFindAll(0, 0)
#6 C:\xampp\htdocs\sentosaabadi_form\app\Controllers\Jadwal.php(15): CodeIgniter\BaseModel->findAll()
#7 C:\xampp\htdocs\sentosaabadi_form\system\CodeIgniter.php(941): App\Controllers\Jadwal->index()
#8 C:\xampp\htdocs\sentosaabadi_form\system\CodeIgniter.php(502): CodeIgniter\CodeIgniter->runController(Object(App\Controllers\Jadwal))
#9 C:\xampp\htdocs\sentosaabadi_form\system\CodeIgniter.php(361): CodeIgniter\CodeIgniter->handleRequest(NULL, Object(Config\Cache), false)
#10 C:\xampp\htdocs\sentosaabadi_form\public\index.php(79): CodeIgniter\CodeIgniter->run()
#11 C:\xampp\htdocs\sentosaabadi_form\system\Commands\Server\rewrite.php(47): require_once('C:\\xampp\\htdocs...')
#12 {main}

Next CodeIgniter\Database\Exceptions\DatabaseException: The server requested authentication method unknown to the client in C:\xampp\htdocs\sentosaabadi_form\system\Database\MySQLi\Connection.php:229
Stack trace:
#0 C:\xampp\htdocs\sentosaabadi_form\system\Database\BaseConnection.php(392): CodeIgniter\Database\MySQLi\Connection->connect(false)
#1 C:\xampp\htdocs\sentosaabadi_form\system\Database\BaseConnection.php(575): CodeIgniter\Database\BaseConnection->initialize()
#2 C:\xampp\htdocs\sentosaabadi_form\system\Database\BaseBuilder.php(1613): CodeIgniter\Database\BaseConnection->query('SELECT *\nFROM `...', Array, false)
#3 C:\xampp\htdocs\sentosaabadi_form\system\Model.php(242): CodeIgniter\Database\BaseBuilder->get()
#4 C:\xampp\htdocs\sentosaabadi_form\system\BaseModel.php(638): CodeIgniter\Model->doFindAll(0, 0)
#5 C:\xampp\htdocs\sentosaabadi_form\app\Controllers\Jadwal.php(15): CodeIgniter\BaseModel->findAll()
#6 C:\xampp\htdocs\sentosaabadi_form\system\CodeIgniter.php(941): App\Controllers\Jadwal->index()
#7 C:\xampp\htdocs\sentosaabadi_form\system\CodeIgniter.php(502): CodeIgniter\CodeIgniter->runController(Object(App\Controllers\Jadwal))
#8 C:\xampp\htdocs\sentosaabadi_form\system\CodeIgniter.php(361): CodeIgniter\CodeIgniter->handleRequest(NULL, Object(Config\Cache), false)
#9 C:\xampp\htdocs\sentosaabadi_form\public\index.php(79): CodeIgniter\CodeIgniter->run()
#10 C:\xampp\htdocs\sentosaabadi_form\system\Commands\Server\rewrite.php(47): require_once('C:\\xampp\\htdocs...')
#11 {main}
CRITICAL - 2024-02-11 15:17:16 --> CodeIgniter\Database\Exceptions\DatabaseException: Unable to connect to the database.
Main connection [MySQLi]: The server requested authentication method unknown to the client
in SYSTEMPATH\Database\BaseConnection.php on line 428.
 1 SYSTEMPATH\Database\BaseConnection.php(575): CodeIgniter\Database\BaseConnection->initialize()
 2 SYSTEMPATH\Database\BaseBuilder.php(1613): CodeIgniter\Database\BaseConnection->query('SELECT *
FROM `staf`', [], false)
 3 SYSTEMPATH\Model.php(242): CodeIgniter\Database\BaseBuilder->get()
 4 SYSTEMPATH\BaseModel.php(638): CodeIgniter\Model->doFindAll(0, 0)
 5 APPPATH\Controllers\Jadwal.php(15): CodeIgniter\BaseModel->findAll()
 6 SYSTEMPATH\CodeIgniter.php(941): App\Controllers\Jadwal->index()
 7 SYSTEMPATH\CodeIgniter.php(502): CodeIgniter\CodeIgniter->runController(Object(App\Controllers\Jadwal))
 8 SYSTEMPATH\CodeIgniter.php(361): CodeIgniter\CodeIgniter->handleRequest(null, Object(Config\Cache), false)
 9 FCPATH\index.php(79): CodeIgniter\CodeIgniter->run()
10 SYSTEMPATH\Commands\Server\rewrite.php(47): require_once('C:\\xampp\\htdocs\\sentosaabadi_form\\public\\index.php')
CRITICAL - 2024-02-11 15:18:50 --> ErrorException: Undefined variable $title
in APPPATH\Views\pages\v_jadwal.php on line 5.
 1 APPPATH\Views\pages\v_jadwal.php(5): CodeIgniter\Debug\Exceptions->errorHandler(2, 'Undefined variable $title', 'C:\\xampp\\htdocs\\sentosaabadi_form\\app\\Views\\pages\\v_jadwal.php', 5)
 2 SYSTEMPATH\View\View.php(228): include('C:\\xampp\\htdocs\\sentosaabadi_form\\app\\Views\\pages\\v_jadwal.php')
 3 SYSTEMPATH\View\View.php(231): CodeIgniter\View\View->CodeIgniter\View\{closure}()
 4 SYSTEMPATH\Common.php(1178): CodeIgniter\View\View->render('pages/v_jadwal', [], true)
 5 APPPATH\Controllers\Jadwal.php(17): view('pages/v_jadwal', [...])
 6 SYSTEMPATH\CodeIgniter.php(941): App\Controllers\Jadwal->index()
 7 SYSTEMPATH\CodeIgniter.php(502): CodeIgniter\CodeIgniter->runController(Object(App\Controllers\Jadwal))
 8 SYSTEMPATH\CodeIgniter.php(361): CodeIgniter\CodeIgniter->handleRequest(null, Object(Config\Cache), false)
 9 FCPATH\index.php(79): CodeIgniter\CodeIgniter->run()
10 SYSTEMPATH\Commands\Server\rewrite.php(47): require_once('C:\\xampp\\htdocs\\sentosaabadi_form\\public\\index.php')
CRITICAL - 2024-02-11 15:19:18 --> ErrorException: Undefined variable $title
in APPPATH\Views\pages\v_jadwal.php on line 5.
 1 APPPATH\Views\pages\v_jadwal.php(5): CodeIgniter\Debug\Exceptions->errorHandler(2, 'Undefined variable $title', 'C:\\xampp\\htdocs\\sentosaabadi_form\\app\\Views\\pages\\v_jadwal.php', 5)
 2 SYSTEMPATH\View\View.php(228): include('C:\\xampp\\htdocs\\sentosaabadi_form\\app\\Views\\pages\\v_jadwal.php')
 3 SYSTEMPATH\View\View.php(231): CodeIgniter\View\View->CodeIgniter\View\{closure}()
 4 SYSTEMPATH\Common.php(1178): CodeIgniter\View\View->render('pages/v_jadwal', [], true)
 5 APPPATH\Controllers\Jadwal.php(17): view('pages/v_jadwal', [...])
 6 SYSTEMPATH\CodeIgniter.php(941): App\Controllers\Jadwal->index()
 7 SYSTEMPATH\CodeIgniter.php(502): CodeIgniter\CodeIgniter->runController(Object(App\Controllers\Jadwal))
 8 SYSTEMPATH\CodeIgniter.php(361): CodeIgniter\CodeIgniter->handleRequest(null, Object(Config\Cache), false)
 9 FCPATH\index.php(79): CodeIgniter\CodeIgniter->run()
10 SYSTEMPATH\Commands\Server\rewrite.php(47): require_once('C:\\xampp\\htdocs\\sentosaabadi_form\\public\\index.php')
CRITICAL - 2024-02-11 15:19:23 --> ErrorException: Undefined variable $title
in APPPATH\Views\pages\v_jadwal.php on line 5.
 1 APPPATH\Views\pages\v_jadwal.php(5): CodeIgniter\Debug\Exceptions->errorHandler(2, 'Undefined variable $title', 'C:\\xampp\\htdocs\\sentosaabadi_form\\app\\Views\\pages\\v_jadwal.php', 5)
 2 SYSTEMPATH\View\View.php(228): include('C:\\xampp\\htdocs\\sentosaabadi_form\\app\\Views\\pages\\v_jadwal.php')
 3 SYSTEMPATH\View\View.php(231): CodeIgniter\View\View->CodeIgniter\View\{closure}()
 4 SYSTEMPATH\Common.php(1178): CodeIgniter\View\View->render('pages/v_jadwal', [], true)
 5 APPPATH\Controllers\Jadwal.php(17): view('pages/v_jadwal', [...])
 6 SYSTEMPATH\CodeIgniter.php(941): App\Controllers\Jadwal->index()
 7 SYSTEMPATH\CodeIgniter.php(502): CodeIgniter\CodeIgniter->runController(Object(App\Controllers\Jadwal))
 8 SYSTEMPATH\CodeIgniter.php(361): CodeIgniter\CodeIgniter->handleRequest(null, Object(Config\Cache), false)
 9 FCPATH\index.php(79): CodeIgniter\CodeIgniter->run()
10 SYSTEMPATH\Commands\Server\rewrite.php(47): require_once('C:\\xampp\\htdocs\\sentosaabadi_form\\public\\index.php')
CRITICAL - 2024-02-11 15:19:54 --> ErrorException: Undefined property: stdClass::$hari
in APPPATH\Views\pages\v_jadwal.php on line 37.
 1 APPPATH\Views\pages\v_jadwal.php(37): CodeIgniter\Debug\Exceptions->errorHandler(2, 'Undefined property: stdClass::$hari', 'C:\\xampp\\htdocs\\sentosaabadi_form\\app\\Views\\pages\\v_jadwal.php', 37)
 2 SYSTEMPATH\View\View.php(228): include('C:\\xampp\\htdocs\\sentosaabadi_form\\app\\Views\\pages\\v_jadwal.php')
 3 SYSTEMPATH\View\View.php(231): CodeIgniter\View\View->CodeIgniter\View\{closure}()
 4 SYSTEMPATH\Common.php(1178): CodeIgniter\View\View->render('pages/v_jadwal', [], true)
 5 APPPATH\Controllers\Jadwal.php(17): view('pages/v_jadwal', [...])
 6 SYSTEMPATH\CodeIgniter.php(941): App\Controllers\Jadwal->index()
 7 SYSTEMPATH\CodeIgniter.php(502): CodeIgniter\CodeIgniter->runController(Object(App\Controllers\Jadwal))
 8 SYSTEMPATH\CodeIgniter.php(361): CodeIgniter\CodeIgniter->handleRequest(null, Object(Config\Cache), false)
 9 FCPATH\index.php(79): CodeIgniter\CodeIgniter->run()
10 SYSTEMPATH\Commands\Server\rewrite.php(47): require_once('C:\\xampp\\htdocs\\sentosaabadi_form\\public\\index.php')
CRITICAL - 2024-02-11 15:22:53 --> ErrorException: Undefined property: stdClass::$tgl
in APPPATH\Views\pages\v_jadwal.php on line 38.
 1 APPPATH\Views\pages\v_jadwal.php(38): CodeIgniter\Debug\Exceptions->errorHandler(2, 'Undefined property: stdClass::$tgl', 'C:\\xampp\\htdocs\\sentosaabadi_form\\app\\Views\\pages\\v_jadwal.php', 38)
 2 SYSTEMPATH\View\View.php(228): include('C:\\xampp\\htdocs\\sentosaabadi_form\\app\\Views\\pages\\v_jadwal.php')
 3 SYSTEMPATH\View\View.php(231): CodeIgniter\View\View->CodeIgniter\View\{closure}()
 4 SYSTEMPATH\Common.php(1178): CodeIgniter\View\View->render('pages/v_jadwal', [], true)
 5 APPPATH\Controllers\Jadwal.php(17): view('pages/v_jadwal', [...])
 6 SYSTEMPATH\CodeIgniter.php(941): App\Controllers\Jadwal->index()
 7 SYSTEMPATH\CodeIgniter.php(502): CodeIgniter\CodeIgniter->runController(Object(App\Controllers\Jadwal))
 8 SYSTEMPATH\CodeIgniter.php(361): CodeIgniter\CodeIgniter->handleRequest(null, Object(Config\Cache), false)
 9 FCPATH\index.php(79): CodeIgniter\CodeIgniter->run()
10 SYSTEMPATH\Commands\Server\rewrite.php(47): require_once('C:\\xampp\\htdocs\\sentosaabadi_form\\public\\index.php')
CRITICAL - 2024-02-11 15:23:34 --> ErrorException: Undefined property: stdClass::$hari
in APPPATH\Views\pages\v_jadwal.php on line 37.
 1 APPPATH\Views\pages\v_jadwal.php(37): CodeIgniter\Debug\Exceptions->errorHandler(2, 'Undefined property: stdClass::$hari', 'C:\\xampp\\htdocs\\sentosaabadi_form\\app\\Views\\pages\\v_jadwal.php', 37)
 2 SYSTEMPATH\View\View.php(228): include('C:\\xampp\\htdocs\\sentosaabadi_form\\app\\Views\\pages\\v_jadwal.php')
 3 SYSTEMPATH\View\View.php(231): CodeIgniter\View\View->CodeIgniter\View\{closure}()
 4 SYSTEMPATH\Common.php(1178): CodeIgniter\View\View->render('pages/v_jadwal', [], true)
 5 APPPATH\Controllers\Jadwal.php(17): view('pages/v_jadwal', [...])
 6 SYSTEMPATH\CodeIgniter.php(941): App\Controllers\Jadwal->index()
 7 SYSTEMPATH\CodeIgniter.php(502): CodeIgniter\CodeIgniter->runController(Object(App\Controllers\Jadwal))
 8 SYSTEMPATH\CodeIgniter.php(361): CodeIgniter\CodeIgniter->handleRequest(null, Object(Config\Cache), false)
 9 FCPATH\index.php(79): CodeIgniter\CodeIgniter->run()
10 SYSTEMPATH\Commands\Server\rewrite.php(47): require_once('C:\\xampp\\htdocs\\sentosaabadi_form\\public\\index.php')
CRITICAL - 2024-02-11 15:25:00 --> ErrorException: Undefined property: stdClass::$hari
in APPPATH\Views\pages\v_jadwal.php on line 37.
 1 APPPATH\Views\pages\v_jadwal.php(37): CodeIgniter\Debug\Exceptions->errorHandler(2, 'Undefined property: stdClass::$hari', 'C:\\xampp\\htdocs\\sentosaabadi_form\\app\\Views\\pages\\v_jadwal.php', 37)
 2 SYSTEMPATH\View\View.php(228): include('C:\\xampp\\htdocs\\sentosaabadi_form\\app\\Views\\pages\\v_jadwal.php')
 3 SYSTEMPATH\View\View.php(231): CodeIgniter\View\View->CodeIgniter\View\{closure}()
 4 SYSTEMPATH\Common.php(1178): CodeIgniter\View\View->render('pages/v_jadwal', [], true)
 5 APPPATH\Controllers\Jadwal.php(17): view('pages/v_jadwal', [...])
 6 SYSTEMPATH\CodeIgniter.php(941): App\Controllers\Jadwal->index()
 7 SYSTEMPATH\CodeIgniter.php(502): CodeIgniter\CodeIgniter->runController(Object(App\Controllers\Jadwal))
 8 SYSTEMPATH\CodeIgniter.php(361): CodeIgniter\CodeIgniter->handleRequest(null, Object(Config\Cache), false)
 9 FCPATH\index.php(79): CodeIgniter\CodeIgniter->run()
10 SYSTEMPATH\Commands\Server\rewrite.php(47): require_once('C:\\xampp\\htdocs\\sentosaabadi_form\\public\\index.php')
CRITICAL - 2024-02-11 15:26:07 --> ErrorException: Undefined property: stdClass::$tgl
in APPPATH\Views\pages\v_jadwal.php on line 38.
 1 APPPATH\Views\pages\v_jadwal.php(38): CodeIgniter\Debug\Exceptions->errorHandler(2, 'Undefined property: stdClass::$tgl', 'C:\\xampp\\htdocs\\sentosaabadi_form\\app\\Views\\pages\\v_jadwal.php', 38)
 2 SYSTEMPATH\View\View.php(228): include('C:\\xampp\\htdocs\\sentosaabadi_form\\app\\Views\\pages\\v_jadwal.php')
 3 SYSTEMPATH\View\View.php(231): CodeIgniter\View\View->CodeIgniter\View\{closure}()
 4 SYSTEMPATH\Common.php(1178): CodeIgniter\View\View->render('pages/v_jadwal', [], true)
 5 APPPATH\Controllers\Jadwal.php(17): view('pages/v_jadwal', [...])
 6 SYSTEMPATH\CodeIgniter.php(941): App\Controllers\Jadwal->index()
 7 SYSTEMPATH\CodeIgniter.php(502): CodeIgniter\CodeIgniter->runController(Object(App\Controllers\Jadwal))
 8 SYSTEMPATH\CodeIgniter.php(361): CodeIgniter\CodeIgniter->handleRequest(null, Object(Config\Cache), false)
 9 FCPATH\index.php(79): CodeIgniter\CodeIgniter->run()
10 SYSTEMPATH\Commands\Server\rewrite.php(47): require_once('C:\\xampp\\htdocs\\sentosaabadi_form\\public\\index.php')
CRITICAL - 2024-02-11 15:26:13 --> ErrorException: Undefined property: stdClass::$tgl
in APPPATH\Views\pages\v_jadwal.php on line 38.
 1 APPPATH\Views\pages\v_jadwal.php(38): CodeIgniter\Debug\Exceptions->errorHandler(2, 'Undefined property: stdClass::$tgl', 'C:\\xampp\\htdocs\\sentosaabadi_form\\app\\Views\\pages\\v_jadwal.php', 38)
 2 SYSTEMPATH\View\View.php(228): include('C:\\xampp\\htdocs\\sentosaabadi_form\\app\\Views\\pages\\v_jadwal.php')
 3 SYSTEMPATH\View\View.php(231): CodeIgniter\View\View->CodeIgniter\View\{closure}()
 4 SYSTEMPATH\Common.php(1178): CodeIgniter\View\View->render('pages/v_jadwal', [], true)
 5 APPPATH\Controllers\Jadwal.php(17): view('pages/v_jadwal', [...])
 6 SYSTEMPATH\CodeIgniter.php(941): App\Controllers\Jadwal->index()
 7 SYSTEMPATH\CodeIgniter.php(502): CodeIgniter\CodeIgniter->runController(Object(App\Controllers\Jadwal))
 8 SYSTEMPATH\CodeIgniter.php(361): CodeIgniter\CodeIgniter->handleRequest(null, Object(Config\Cache), false)
 9 FCPATH\index.php(79): CodeIgniter\CodeIgniter->run()
CRITICAL - 2024-02-11 15:26:30 --> ErrorException: Undefined property: stdClass::$tgl
in APPPATH\Views\pages\v_jadwal.php on line 38.
 1 APPPATH\Views\pages\v_jadwal.php(38): CodeIgniter\Debug\Exceptions->errorHandler(2, 'Undefined property: stdClass::$tgl', 'C:\\xampp\\htdocs\\sentosaabadi_form\\app\\Views\\pages\\v_jadwal.php', 38)
 2 SYSTEMPATH\View\View.php(228): include('C:\\xampp\\htdocs\\sentosaabadi_form\\app\\Views\\pages\\v_jadwal.php')
 3 SYSTEMPATH\View\View.php(231): CodeIgniter\View\View->CodeIgniter\View\{closure}()
 4 SYSTEMPATH\Common.php(1178): CodeIgniter\View\View->render('pages/v_jadwal', [], true)
 5 APPPATH\Controllers\Jadwal.php(17): view('pages/v_jadwal', [...])
 6 SYSTEMPATH\CodeIgniter.php(941): App\Controllers\Jadwal->index()
 7 SYSTEMPATH\CodeIgniter.php(502): CodeIgniter\CodeIgniter->runController(Object(App\Controllers\Jadwal))
 8 SYSTEMPATH\CodeIgniter.php(361): CodeIgniter\CodeIgniter->handleRequest(null, Object(Config\Cache), false)
 9 FCPATH\index.php(79): CodeIgniter\CodeIgniter->run()
CRITICAL - 2024-02-11 15:26:41 --> ErrorException: Undefined property: stdClass::$tgl
in APPPATH\Views\pages\v_jadwal.php on line 38.
 1 APPPATH\Views\pages\v_jadwal.php(38): CodeIgniter\Debug\Exceptions->errorHandler(2, 'Undefined property: stdClass::$tgl', 'C:\\xampp\\htdocs\\sentosaabadi_form\\app\\Views\\pages\\v_jadwal.php', 38)
 2 SYSTEMPATH\View\View.php(228): include('C:\\xampp\\htdocs\\sentosaabadi_form\\app\\Views\\pages\\v_jadwal.php')
 3 SYSTEMPATH\View\View.php(231): CodeIgniter\View\View->CodeIgniter\View\{closure}()
 4 SYSTEMPATH\Common.php(1178): CodeIgniter\View\View->render('pages/v_jadwal', [], true)
 5 APPPATH\Controllers\Jadwal.php(17): view('pages/v_jadwal', [...])
 6 SYSTEMPATH\CodeIgniter.php(941): App\Controllers\Jadwal->index()
 7 SYSTEMPATH\CodeIgniter.php(502): CodeIgniter\CodeIgniter->runController(Object(App\Controllers\Jadwal))
 8 SYSTEMPATH\CodeIgniter.php(361): CodeIgniter\CodeIgniter->handleRequest(null, Object(Config\Cache), false)
 9 FCPATH\index.php(79): CodeIgniter\CodeIgniter->run()
CRITICAL - 2024-02-11 15:27:20 --> ErrorException: Undefined property: stdClass::$tgl
in APPPATH\Views\pages\v_jadwal.php on line 38.
 1 APPPATH\Views\pages\v_jadwal.php(38): CodeIgniter\Debug\Exceptions->errorHandler(2, 'Undefined property: stdClass::$tgl', 'C:\\xampp\\htdocs\\sentosaabadi_form\\app\\Views\\pages\\v_jadwal.php', 38)
 2 SYSTEMPATH\View\View.php(228): include('C:\\xampp\\htdocs\\sentosaabadi_form\\app\\Views\\pages\\v_jadwal.php')
 3 SYSTEMPATH\View\View.php(231): CodeIgniter\View\View->CodeIgniter\View\{closure}()
 4 SYSTEMPATH\Common.php(1178): CodeIgniter\View\View->render('pages/v_jadwal', [], true)
 5 APPPATH\Controllers\Jadwal.php(17): view('pages/v_jadwal', [...])
 6 SYSTEMPATH\CodeIgniter.php(941): App\Controllers\Jadwal->index()
 7 SYSTEMPATH\CodeIgniter.php(502): CodeIgniter\CodeIgniter->runController(Object(App\Controllers\Jadwal))
 8 SYSTEMPATH\CodeIgniter.php(361): CodeIgniter\CodeIgniter->handleRequest(null, Object(Config\Cache), false)
 9 FCPATH\index.php(79): CodeIgniter\CodeIgniter->run()
10 SYSTEMPATH\Commands\Server\rewrite.php(47): require_once('C:\\xampp\\htdocs\\sentosaabadi_form\\public\\index.php')
CRITICAL - 2024-02-11 15:30:58 --> ErrorException: Undefined variable $alldata
in APPPATH\Views\pages\v_jadwal.php on line 34.
 1 APPPATH\Views\pages\v_jadwal.php(34): CodeIgniter\Debug\Exceptions->errorHandler(2, 'Undefined variable $alldata', 'C:\\xampp\\htdocs\\sentosaabadi_form\\app\\Views\\pages\\v_jadwal.php', 34)
 2 SYSTEMPATH\View\View.php(228): include('C:\\xampp\\htdocs\\sentosaabadi_form\\app\\Views\\pages\\v_jadwal.php')
 3 SYSTEMPATH\View\View.php(231): CodeIgniter\View\View->CodeIgniter\View\{closure}()
 4 SYSTEMPATH\Common.php(1178): CodeIgniter\View\View->render('pages/v_jadwal', [...], true)
 5 APPPATH\Controllers\Jadwal.php(21): view('pages/v_jadwal', [...], [...])
 6 SYSTEMPATH\CodeIgniter.php(941): App\Controllers\Jadwal->index()
 7 SYSTEMPATH\CodeIgniter.php(502): CodeIgniter\CodeIgniter->runController(Object(App\Controllers\Jadwal))
 8 SYSTEMPATH\CodeIgniter.php(361): CodeIgniter\CodeIgniter->handleRequest(null, Object(Config\Cache), false)
 9 FCPATH\index.php(79): CodeIgniter\CodeIgniter->run()
10 SYSTEMPATH\Commands\Server\rewrite.php(47): require_once('C:\\xampp\\htdocs\\sentosaabadi_form\\public\\index.php')
CRITICAL - 2024-02-11 15:32:06 --> ErrorException: Attempt to read property "id" on string
in APPPATH\Views\pages\v_jadwal.php on line 36.
 1 APPPATH\Views\pages\v_jadwal.php(36): CodeIgniter\Debug\Exceptions->errorHandler(2, 'Attempt to read property "id" on string', 'C:\\xampp\\htdocs\\sentosaabadi_form\\app\\Views\\pages\\v_jadwal.php', 36)
 2 SYSTEMPATH\View\View.php(228): include('C:\\xampp\\htdocs\\sentosaabadi_form\\app\\Views\\pages\\v_jadwal.php')
 3 SYSTEMPATH\View\View.php(231): CodeIgniter\View\View->CodeIgniter\View\{closure}()
 4 SYSTEMPATH\Common.php(1178): CodeIgniter\View\View->render('pages/v_jadwal', [], true)
 5 APPPATH\Controllers\Jadwal.php(24): view('pages/v_jadwal', [...])
 6 SYSTEMPATH\CodeIgniter.php(941): App\Controllers\Jadwal->index()
 7 SYSTEMPATH\CodeIgniter.php(502): CodeIgniter\CodeIgniter->runController(Object(App\Controllers\Jadwal))
 8 SYSTEMPATH\CodeIgniter.php(361): CodeIgniter\CodeIgniter->handleRequest(null, Object(Config\Cache), false)
 9 FCPATH\index.php(79): CodeIgniter\CodeIgniter->run()
10 SYSTEMPATH\Commands\Server\rewrite.php(47): require_once('C:\\xampp\\htdocs\\sentosaabadi_form\\public\\index.php')
